<?xml version="1.0" encoding="UTF-8"?>
<testsuite xmlns:xsi="http://www.w3.org/2001/XMLSchema-instance" xsi:noNamespaceSchemaLocation="https://maven.apache.org/surefire/maven-surefire-plugin/xsd/surefire-test-report-3.0.xsd" version="3.0" name="UserServiceTest" time="2.074" tests="6" errors="0" skipped="0" failures="0">
  <properties>
[...]
</properties>
  <testcase name="saveUser" classname="UserServiceTest" time="1.425">
    <system-out><![CDATA[03:06:18.100 [main] DEBUG org.jboss.logging -- Logging Provider: org.jboss.logging.Slf4jLoggerProvider
03:06:18.109 [main] DEBUG org.hibernate.integrator.internal.IntegratorServiceImpl -- Adding Integrator [org.hibernate.cfg.beanvalidation.BeanValidationIntegrator].
03:06:18.111 [main] DEBUG org.hibernate.integrator.internal.IntegratorServiceImpl -- Adding Integrator [org.hibernate.secure.spi.JaccIntegrator].
03:06:18.114 [main] DEBUG org.hibernate.integrator.internal.IntegratorServiceImpl -- Adding Integrator [org.hibernate.cache.internal.CollectionCacheInvalidator].
03:06:18.135 [main] INFO org.hibernate.Version -- HHH000412: Hibernate ORM core version 5.6.3.Final
03:06:18.137 [main] DEBUG org.hibernate.cfg.Environment -- HHH000206: hibernate.properties not found
03:06:18.280 [main] DEBUG org.hibernate.integrator.internal.IntegratorServiceImpl -- Adding Integrator [org.hibernate.cfg.beanvalidation.BeanValidationIntegrator].
03:06:18.280 [main] DEBUG org.hibernate.integrator.internal.IntegratorServiceImpl -- Adding Integrator [org.hibernate.secure.spi.JaccIntegrator].
03:06:18.280 [main] DEBUG org.hibernate.integrator.internal.IntegratorServiceImpl -- Adding Integrator [org.hibernate.cache.internal.CollectionCacheInvalidator].
03:06:18.286 [main] DEBUG org.hibernate.service.spi.ServiceBinding -- Overriding existing service binding [org.hibernate.secure.spi.JaccService]
03:06:18.286 [main] DEBUG org.hibernate.cfg.Configuration -- Building session factory using provided StandardServiceRegistry
03:06:18.294 [main] DEBUG org.hibernate.cache.internal.RegionFactoryInitiator -- Cannot default RegionFactory based on registered strategies as `[]` RegionFactory strategies were registered
03:06:18.295 [main] DEBUG org.hibernate.cache.internal.RegionFactoryInitiator -- Cache region factory : org.hibernate.cache.internal.NoCachingRegionFactory
03:06:18.310 [main] INFO org.hibernate.annotations.common.Version -- HCANN000001: Hibernate Commons Annotations {5.1.2.Final}
03:06:18.380 [main] DEBUG org.hibernate.type.BasicTypeRegistry -- Adding type registration boolean -> org.hibernate.type.BooleanType@3e6f3f28
03:06:18.380 [main] DEBUG org.hibernate.type.BasicTypeRegistry -- Adding type registration boolean -> org.hibernate.type.BooleanType@3e6f3f28
03:06:18.380 [main] DEBUG org.hibernate.type.BasicTypeRegistry -- Adding type registration java.lang.Boolean -> org.hibernate.type.BooleanType@3e6f3f28
03:06:18.381 [main] DEBUG org.hibernate.type.BasicTypeRegistry -- Adding type registration numeric_boolean -> org.hibernate.type.NumericBooleanType@68f4865
03:06:18.381 [main] DEBUG org.hibernate.type.BasicTypeRegistry -- Adding type registration true_false -> org.hibernate.type.TrueFalseType@3c01cfa1
03:06:18.381 [main] DEBUG org.hibernate.type.BasicTypeRegistry -- Adding type registration yes_no -> org.hibernate.type.YesNoType@b978d10
03:06:18.382 [main] DEBUG org.hibernate.type.BasicTypeRegistry -- Adding type registration byte -> org.hibernate.type.ByteType@1672fe87
03:06:18.382 [main] DEBUG org.hibernate.type.BasicTypeRegistry -- Adding type registration byte -> org.hibernate.type.ByteType@1672fe87
03:06:18.382 [main] DEBUG org.hibernate.type.BasicTypeRegistry -- Adding type registration java.lang.Byte -> org.hibernate.type.ByteType@1672fe87
03:06:18.383 [main] DEBUG org.hibernate.type.BasicTypeRegistry -- Adding type registration character -> org.hibernate.type.CharacterType@4416d64f
03:06:18.383 [main] DEBUG org.hibernate.type.BasicTypeRegistry -- Adding type registration char -> org.hibernate.type.CharacterType@4416d64f
03:06:18.383 [main] DEBUG org.hibernate.type.BasicTypeRegistry -- Adding type registration java.lang.Character -> org.hibernate.type.CharacterType@4416d64f
03:06:18.384 [main] DEBUG org.hibernate.type.BasicTypeRegistry -- Adding type registration short -> org.hibernate.type.ShortType@418c5a9c
03:06:18.384 [main] DEBUG org.hibernate.type.BasicTypeRegistry -- Adding type registration short -> org.hibernate.type.ShortType@418c5a9c
03:06:18.384 [main] DEBUG org.hibernate.type.BasicTypeRegistry -- Adding type registration java.lang.Short -> org.hibernate.type.ShortType@418c5a9c
03:06:18.385 [main] DEBUG org.hibernate.type.BasicTypeRegistry -- Adding type registration integer -> org.hibernate.type.IntegerType@4278284b
03:06:18.385 [main] DEBUG org.hibernate.type.BasicTypeRegistry -- Adding type registration int -> org.hibernate.type.IntegerType@4278284b
03:06:18.385 [main] DEBUG org.hibernate.type.BasicTypeRegistry -- Adding type registration java.lang.Integer -> org.hibernate.type.IntegerType@4278284b
03:06:18.386 [main] DEBUG org.hibernate.type.BasicTypeRegistry -- Adding type registration long -> org.hibernate.type.LongType@352c1b98
03:06:18.386 [main] DEBUG org.hibernate.type.BasicTypeRegistry -- Adding type registration long -> org.hibernate.type.LongType@352c1b98
03:06:18.386 [main] DEBUG org.hibernate.type.BasicTypeRegistry -- Adding type registration java.lang.Long -> org.hibernate.type.LongType@352c1b98
03:06:18.386 [main] DEBUG org.hibernate.type.BasicTypeRegistry -- Adding type registration float -> org.hibernate.type.FloatType@258d79be
03:06:18.387 [main] DEBUG org.hibernate.type.BasicTypeRegistry -- Adding type registration float -> org.hibernate.type.FloatType@258d79be
03:06:18.387 [main] DEBUG org.hibernate.type.BasicTypeRegistry -- Adding type registration java.lang.Float -> org.hibernate.type.FloatType@258d79be
03:06:18.387 [main] DEBUG org.hibernate.type.BasicTypeRegistry -- Adding type registration double -> org.hibernate.type.DoubleType@4f6f416f
03:06:18.387 [main] DEBUG org.hibernate.type.BasicTypeRegistry -- Adding type registration double -> org.hibernate.type.DoubleType@4f6f416f
03:06:18.387 [main] DEBUG org.hibernate.type.BasicTypeRegistry -- Adding type registration java.lang.Double -> org.hibernate.type.DoubleType@4f6f416f
03:06:18.388 [main] DEBUG org.hibernate.type.BasicTypeRegistry -- Adding type registration big_decimal -> org.hibernate.type.BigDecimalType@7aaca91a
03:06:18.388 [main] DEBUG org.hibernate.type.BasicTypeRegistry -- Adding type registration java.math.BigDecimal -> org.hibernate.type.BigDecimalType@7aaca91a
03:06:18.389 [main] DEBUG org.hibernate.type.BasicTypeRegistry -- Adding type registration big_integer -> org.hibernate.type.BigIntegerType@41294f8
03:06:18.389 [main] DEBUG org.hibernate.type.BasicTypeRegistry -- Adding type registration java.math.BigInteger -> org.hibernate.type.BigIntegerType@41294f8
03:06:18.389 [main] DEBUG org.hibernate.type.BasicTypeRegistry -- Adding type registration string -> org.hibernate.type.StringType@488d1cd7
03:06:18.390 [main] DEBUG org.hibernate.type.BasicTypeRegistry -- Adding type registration java.lang.String -> org.hibernate.type.StringType@488d1cd7
03:06:18.390 [main] DEBUG org.hibernate.type.BasicTypeRegistry -- Adding type registration nstring -> org.hibernate.type.StringNVarcharType@2d6c53fc
03:06:18.390 [main] DEBUG org.hibernate.type.BasicTypeRegistry -- Adding type registration ncharacter -> org.hibernate.type.CharacterNCharType@3081f72c
03:06:18.391 [main] DEBUG org.hibernate.type.BasicTypeRegistry -- Adding type registration url -> org.hibernate.type.UrlType@7c214cc0
03:06:18.391 [main] DEBUG org.hibernate.type.BasicTypeRegistry -- Adding type registration java.net.URL -> org.hibernate.type.UrlType@7c214cc0
03:06:18.392 [main] DEBUG org.hibernate.type.BasicTypeRegistry -- Adding type registration Duration -> org.hibernate.type.DurationType@341814d3
03:06:18.392 [main] DEBUG org.hibernate.type.BasicTypeRegistry -- Adding type registration java.time.Duration -> org.hibernate.type.DurationType@341814d3
03:06:18.393 [main] DEBUG org.hibernate.type.BasicTypeRegistry -- Adding type registration Instant -> org.hibernate.type.InstantType@768fc0f2
03:06:18.393 [main] DEBUG org.hibernate.type.BasicTypeRegistry -- Adding type registration java.time.Instant -> org.hibernate.type.InstantType@768fc0f2
03:06:18.393 [main] DEBUG org.hibernate.type.BasicTypeRegistry -- Adding type registration LocalDateTime -> org.hibernate.type.LocalDateTimeType@41ab013
03:06:18.394 [main] DEBUG org.hibernate.type.BasicTypeRegistry -- Adding type registration java.time.LocalDateTime -> org.hibernate.type.LocalDateTimeType@41ab013
03:06:18.394 [main] DEBUG org.hibernate.type.BasicTypeRegistry -- Adding type registration LocalDate -> org.hibernate.type.LocalDateType@79dc5318
03:06:18.394 [main] DEBUG org.hibernate.type.BasicTypeRegistry -- Adding type registration java.time.LocalDate -> org.hibernate.type.LocalDateType@79dc5318
03:06:18.395 [main] DEBUG org.hibernate.type.BasicTypeRegistry -- Adding type registration LocalTime -> org.hibernate.type.LocalTimeType@63611043
03:06:18.395 [main] DEBUG org.hibernate.type.BasicTypeRegistry -- Adding type registration java.time.LocalTime -> org.hibernate.type.LocalTimeType@63611043
03:06:18.396 [main] DEBUG org.hibernate.type.BasicTypeRegistry -- Adding type registration OffsetDateTime -> org.hibernate.type.OffsetDateTimeType@f107c50
03:06:18.396 [main] DEBUG org.hibernate.type.BasicTypeRegistry -- Adding type registration java.time.OffsetDateTime -> org.hibernate.type.OffsetDateTimeType@f107c50
03:06:18.397 [main] DEBUG org.hibernate.type.BasicTypeRegistry -- Adding type registration OffsetTime -> org.hibernate.type.OffsetTimeType@95e33cc
03:06:18.398 [main] DEBUG org.hibernate.type.BasicTypeRegistry -- Adding type registration java.time.OffsetTime -> org.hibernate.type.OffsetTimeType@95e33cc
03:06:18.398 [main] DEBUG org.hibernate.type.BasicTypeRegistry -- Adding type registration ZonedDateTime -> org.hibernate.type.ZonedDateTimeType@600b9d27
03:06:18.398 [main] DEBUG org.hibernate.type.BasicTypeRegistry -- Adding type registration java.time.ZonedDateTime -> org.hibernate.type.ZonedDateTimeType@600b9d27
03:06:18.400 [main] DEBUG org.hibernate.type.BasicTypeRegistry -- Adding type registration date -> org.hibernate.type.DateType@73d983ea
03:06:18.400 [main] DEBUG org.hibernate.type.BasicTypeRegistry -- Adding type registration java.sql.Date -> org.hibernate.type.DateType@73d983ea
03:06:18.401 [main] DEBUG org.hibernate.type.BasicTypeRegistry -- Adding type registration time -> org.hibernate.type.TimeType@6f44a157
03:06:18.401 [main] DEBUG org.hibernate.type.BasicTypeRegistry -- Adding type registration java.sql.Time -> org.hibernate.type.TimeType@6f44a157
03:06:18.402 [main] DEBUG org.hibernate.type.BasicTypeRegistry -- Adding type registration timestamp -> org.hibernate.type.TimestampType@36b4091c
03:06:18.402 [main] DEBUG org.hibernate.type.BasicTypeRegistry -- Adding type registration java.sql.Timestamp -> org.hibernate.type.TimestampType@36b4091c
03:06:18.402 [main] DEBUG org.hibernate.type.BasicTypeRegistry -- Adding type registration java.util.Date -> org.hibernate.type.TimestampType@36b4091c
03:06:18.403 [main] DEBUG org.hibernate.type.BasicTypeRegistry -- Adding type registration dbtimestamp -> org.hibernate.type.DbTimestampType@1583741e
03:06:18.403 [main] DEBUG org.hibernate.type.BasicTypeRegistry -- Adding type registration calendar -> org.hibernate.type.CalendarType@7d446ed1
03:06:18.403 [main] DEBUG org.hibernate.type.BasicTypeRegistry -- Adding type registration java.util.Calendar -> org.hibernate.type.CalendarType@7d446ed1
03:06:18.403 [main] DEBUG org.hibernate.type.BasicTypeRegistry -- Adding type registration java.util.GregorianCalendar -> org.hibernate.type.CalendarType@7d446ed1
03:06:18.404 [main] DEBUG org.hibernate.type.BasicTypeRegistry -- Adding type registration calendar_date -> org.hibernate.type.CalendarDateType@1b75c2e3
03:06:18.404 [main] DEBUG org.hibernate.type.BasicTypeRegistry -- Adding type registration calendar_time -> org.hibernate.type.CalendarTimeType@3403e2ac
03:06:18.405 [main] DEBUG org.hibernate.type.BasicTypeRegistry -- Adding type registration locale -> org.hibernate.type.LocaleType@38b27cdc
03:06:18.405 [main] DEBUG org.hibernate.type.BasicTypeRegistry -- Adding type registration java.util.Locale -> org.hibernate.type.LocaleType@38b27cdc
03:06:18.406 [main] DEBUG org.hibernate.type.BasicTypeRegistry -- Adding type registration currency -> org.hibernate.type.CurrencyType@68df9280
03:06:18.406 [main] DEBUG org.hibernate.type.BasicTypeRegistry -- Adding type registration java.util.Currency -> org.hibernate.type.CurrencyType@68df9280
03:06:18.406 [main] DEBUG org.hibernate.type.BasicTypeRegistry -- Adding type registration timezone -> org.hibernate.type.TimeZoneType@7a220c9a
03:06:18.406 [main] DEBUG org.hibernate.type.BasicTypeRegistry -- Adding type registration java.util.TimeZone -> org.hibernate.type.TimeZoneType@7a220c9a
03:06:18.407 [main] DEBUG org.hibernate.type.BasicTypeRegistry -- Adding type registration class -> org.hibernate.type.ClassType@172b013
03:06:18.407 [main] DEBUG org.hibernate.type.BasicTypeRegistry -- Adding type registration java.lang.Class -> org.hibernate.type.ClassType@172b013
03:06:18.408 [main] DEBUG org.hibernate.type.BasicTypeRegistry -- Adding type registration uuid-binary -> org.hibernate.type.UUIDBinaryType@51fadaff
03:06:18.408 [main] DEBUG org.hibernate.type.BasicTypeRegistry -- Adding type registration java.util.UUID -> org.hibernate.type.UUIDBinaryType@51fadaff
03:06:18.408 [main] DEBUG org.hibernate.type.BasicTypeRegistry -- Adding type registration uuid-char -> org.hibernate.type.UUIDCharType@5c44c582
03:06:18.409 [main] DEBUG org.hibernate.type.BasicTypeRegistry -- Adding type registration binary -> org.hibernate.type.BinaryType@15713d56
03:06:18.409 [main] DEBUG org.hibernate.type.BasicTypeRegistry -- Adding type registration byte[] -> org.hibernate.type.BinaryType@15713d56
03:06:18.409 [main] DEBUG org.hibernate.type.BasicTypeRegistry -- Adding type registration [B -> org.hibernate.type.BinaryType@15713d56
03:06:18.410 [main] DEBUG org.hibernate.type.BasicTypeRegistry -- Adding type registration wrapper-binary -> org.hibernate.type.WrapperBinaryType@60129b9a
03:06:18.410 [main] DEBUG org.hibernate.type.BasicTypeRegistry -- Adding type registration Byte[] -> org.hibernate.type.WrapperBinaryType@60129b9a
03:06:18.410 [main] DEBUG org.hibernate.type.BasicTypeRegistry -- Adding type registration [Ljava.lang.Byte; -> org.hibernate.type.WrapperBinaryType@60129b9a
03:06:18.410 [main] DEBUG org.hibernate.type.BasicTypeRegistry -- Adding type registration row_version -> org.hibernate.type.RowVersionType@8576fa0
03:06:18.411 [main] DEBUG org.hibernate.type.BasicTypeRegistry -- Adding type registration image -> org.hibernate.type.ImageType@5f354bcf
03:06:18.411 [main] DEBUG org.hibernate.type.BasicTypeRegistry -- Adding type registration characters -> org.hibernate.type.CharArrayType@2f67b837
03:06:18.411 [main] DEBUG org.hibernate.type.BasicTypeRegistry -- Adding type registration char[] -> org.hibernate.type.CharArrayType@2f67b837
03:06:18.411 [main] DEBUG org.hibernate.type.BasicTypeRegistry -- Adding type registration [C -> org.hibernate.type.CharArrayType@2f67b837
03:06:18.412 [main] DEBUG org.hibernate.type.BasicTypeRegistry -- Adding type registration wrapper-characters -> org.hibernate.type.CharacterArrayType@1046d517
03:06:18.412 [main] DEBUG org.hibernate.type.BasicTypeRegistry -- Adding type registration [Ljava.lang.Character; -> org.hibernate.type.CharacterArrayType@1046d517
03:06:18.412 [main] DEBUG org.hibernate.type.BasicTypeRegistry -- Adding type registration Character[] -> org.hibernate.type.CharacterArrayType@1046d517
03:06:18.413 [main] DEBUG org.hibernate.type.BasicTypeRegistry -- Adding type registration text -> org.hibernate.type.TextType@73cd37c0
03:06:18.413 [main] DEBUG org.hibernate.type.BasicTypeRegistry -- Adding type registration ntext -> org.hibernate.type.NTextType@60df60da
03:06:18.414 [main] DEBUG org.hibernate.type.BasicTypeRegistry -- Adding type registration blob -> org.hibernate.type.BlobType@130e116b
03:06:18.414 [main] DEBUG org.hibernate.type.BasicTypeRegistry -- Adding type registration java.sql.Blob -> org.hibernate.type.BlobType@130e116b
03:06:18.414 [main] DEBUG org.hibernate.type.BasicTypeRegistry -- Adding type registration materialized_blob -> org.hibernate.type.MaterializedBlobType@60856961
03:06:18.415 [main] DEBUG org.hibernate.type.BasicTypeRegistry -- Adding type registration clob -> org.hibernate.type.ClobType@3adcc812
03:06:18.415 [main] DEBUG org.hibernate.type.BasicTypeRegistry -- Adding type registration java.sql.Clob -> org.hibernate.type.ClobType@3adcc812
03:06:18.416 [main] DEBUG org.hibernate.type.BasicTypeRegistry -- Adding type registration nclob -> org.hibernate.type.NClobType@1e461e41
03:06:18.416 [main] DEBUG org.hibernate.type.BasicTypeRegistry -- Adding type registration java.sql.NClob -> org.hibernate.type.NClobType@1e461e41
03:06:18.416 [main] DEBUG org.hibernate.type.BasicTypeRegistry -- Adding type registration materialized_clob -> org.hibernate.type.MaterializedClobType@1603cd68
03:06:18.417 [main] DEBUG org.hibernate.type.BasicTypeRegistry -- Adding type registration materialized_nclob -> org.hibernate.type.MaterializedNClobType@30e868be
03:06:18.417 [main] DEBUG org.hibernate.type.BasicTypeRegistry -- Adding type registration serializable -> org.hibernate.type.SerializableType@6581dc0a
03:06:18.419 [main] DEBUG org.hibernate.type.BasicTypeRegistry -- Adding type registration object -> org.hibernate.type.ObjectType@e57b96d
03:06:18.419 [main] DEBUG org.hibernate.type.BasicTypeRegistry -- Adding type registration java.lang.Object -> org.hibernate.type.ObjectType@e57b96d
03:06:18.420 [main] DEBUG org.hibernate.type.BasicTypeRegistry -- Adding type registration imm_date -> org.hibernate.type.AdaptedImmutableType@76f4b65
03:06:18.420 [main] DEBUG org.hibernate.type.BasicTypeRegistry -- Adding type registration imm_time -> org.hibernate.type.AdaptedImmutableType@c94fd30
03:06:18.420 [main] DEBUG org.hibernate.type.BasicTypeRegistry -- Adding type registration imm_timestamp -> org.hibernate.type.AdaptedImmutableType@36328d33
03:06:18.420 [main] DEBUG org.hibernate.type.BasicTypeRegistry -- Adding type registration imm_dbtimestamp -> org.hibernate.type.AdaptedImmutableType@2c4d1ac
03:06:18.420 [main] DEBUG org.hibernate.type.BasicTypeRegistry -- Adding type registration imm_calendar -> org.hibernate.type.AdaptedImmutableType@7f0d96f2
03:06:18.420 [main] DEBUG org.hibernate.type.BasicTypeRegistry -- Adding type registration imm_calendar_date -> org.hibernate.type.AdaptedImmutableType@545b995e
03:06:18.420 [main] DEBUG org.hibernate.type.BasicTypeRegistry -- Adding type registration imm_binary -> org.hibernate.type.AdaptedImmutableType@76a2ddf3
03:06:18.420 [main] DEBUG org.hibernate.type.BasicTypeRegistry -- Adding type registration imm_serializable -> org.hibernate.type.AdaptedImmutableType@524f3b3a
03:06:18.453 [main] DEBUG org.hibernate.id.factory.internal.DefaultIdentifierGeneratorFactory -- Registering IdentifierGenerator strategy [uuid2] -> [org.hibernate.id.UUIDGenerator]
03:06:18.454 [main] DEBUG org.hibernate.id.factory.internal.DefaultIdentifierGeneratorFactory -- Registering IdentifierGenerator strategy [guid] -> [org.hibernate.id.GUIDGenerator]
03:06:18.455 [main] DEBUG org.hibernate.id.factory.internal.DefaultIdentifierGeneratorFactory -- Registering IdentifierGenerator strategy [uuid] -> [org.hibernate.id.UUIDHexGenerator]
03:06:18.455 [main] DEBUG org.hibernate.id.factory.internal.DefaultIdentifierGeneratorFactory -- Registering IdentifierGenerator strategy [uuid.hex] -> [org.hibernate.id.UUIDHexGenerator]
03:06:18.455 [main] DEBUG org.hibernate.id.factory.internal.DefaultIdentifierGeneratorFactory -- Registering IdentifierGenerator strategy [assigned] -> [org.hibernate.id.Assigned]
03:06:18.456 [main] DEBUG org.hibernate.id.factory.internal.DefaultIdentifierGeneratorFactory -- Registering IdentifierGenerator strategy [identity] -> [org.hibernate.id.IdentityGenerator]
03:06:18.456 [main] DEBUG org.hibernate.id.factory.internal.DefaultIdentifierGeneratorFactory -- Registering IdentifierGenerator strategy [select] -> [org.hibernate.id.SelectGenerator]
03:06:18.457 [main] DEBUG org.hibernate.id.factory.internal.DefaultIdentifierGeneratorFactory -- Registering IdentifierGenerator strategy [sequence] -> [org.hibernate.id.enhanced.SequenceStyleGenerator]
03:06:18.458 [main] DEBUG org.hibernate.id.factory.internal.DefaultIdentifierGeneratorFactory -- Registering IdentifierGenerator strategy [seqhilo] -> [org.hibernate.id.SequenceHiLoGenerator]
03:06:18.458 [main] DEBUG org.hibernate.id.factory.internal.DefaultIdentifierGeneratorFactory -- Registering IdentifierGenerator strategy [increment] -> [org.hibernate.id.IncrementGenerator]
03:06:18.458 [main] DEBUG org.hibernate.id.factory.internal.DefaultIdentifierGeneratorFactory -- Registering IdentifierGenerator strategy [foreign] -> [org.hibernate.id.ForeignGenerator]
03:06:18.458 [main] DEBUG org.hibernate.id.factory.internal.DefaultIdentifierGeneratorFactory -- Registering IdentifierGenerator strategy [sequence-identity] -> [org.hibernate.id.SequenceIdentityGenerator]
03:06:18.459 [main] DEBUG org.hibernate.id.factory.internal.DefaultIdentifierGeneratorFactory -- Registering IdentifierGenerator strategy [enhanced-sequence] -> [org.hibernate.id.enhanced.SequenceStyleGenerator]
03:06:18.459 [main] DEBUG org.hibernate.id.factory.internal.DefaultIdentifierGeneratorFactory -- Registering IdentifierGenerator strategy [enhanced-table] -> [org.hibernate.id.enhanced.TableGenerator]
03:06:18.464 [main] WARN org.hibernate.orm.connections.pooling -- HHH10001002: Using Hibernate built-in connection pool (not for production use!)
03:06:18.468 [main] INFO org.hibernate.orm.connections.pooling -- HHH10001005: using driver [com.mysql.cj.jdbc.Driver] at URL [jdbc:mysql://localhost:3306/testforkata?useSSL=false]
03:06:18.469 [main] INFO org.hibernate.orm.connections.pooling -- HHH10001001: Connection properties: {password=root, user=root}
03:06:18.469 [main] INFO org.hibernate.orm.connections.pooling -- HHH10001003: Autocommit mode: false
03:06:18.472 [main] DEBUG org.hibernate.engine.jdbc.connections.internal.DriverManagerConnectionProviderImpl -- Initializing Connection pool with 1 Connections
03:06:18.472 [main] INFO org.hibernate.engine.jdbc.connections.internal.DriverManagerConnectionProviderImpl -- HHH000115: Hibernate connection pool size: 20 (min=1)
03:06:18.600 [main] DEBUG org.hibernate.engine.jdbc.env.internal.JdbcEnvironmentInitiator -- Database ->
       name : MySQL
    version : 8.0.40
      major : 8
      minor : 0
03:06:18.601 [main] DEBUG org.hibernate.engine.jdbc.env.internal.JdbcEnvironmentInitiator -- Driver ->
       name : MySQL Connector/J
    version : mysql-connector-java-8.0.25 (Revision: 08be9e9b4cba6aa115f9b27b215887af40b159e0)
      major : 8
      minor : 0
03:06:18.601 [main] DEBUG org.hibernate.engine.jdbc.env.internal.JdbcEnvironmentInitiator -- JDBC version : 4.2
03:06:18.610 [main] INFO org.hibernate.dialect.Dialect -- HHH000400: Using dialect: org.hibernate.dialect.MySQL5Dialect
03:06:18.622 [main] DEBUG org.hibernate.engine.jdbc.env.spi.IdentifierHelperBuilder -- JDBC driver metadata reported database stores quoted identifiers in more than one case
03:06:18.622 [main] DEBUG org.hibernate.engine.jdbc.env.spi.IdentifierHelperBuilder -- IdentifierCaseStrategy for both quoted and unquoted identifiers was set to the same strategy [LOWER]; that will likely lead to problems in schema update and validation if using quoted identifiers
03:06:18.639 [main] DEBUG org.hibernate.type.spi.TypeConfiguration$Scope -- Scoping TypeConfiguration [org.hibernate.type.spi.TypeConfiguration@11acdc30] to MetadataBuildingContext [org.hibernate.boot.internal.MetadataBuildingContextRootImpl@770d4269]
03:06:18.665 [main] DEBUG org.hibernate.boot.model.relational.Namespace -- Created database namespace [logicalName=Name{catalog=null, schema=null}, physicalName=Name{catalog=null, schema=null}]
03:06:18.677 [main] DEBUG org.hibernate.cfg.AnnotationBinder -- Binding entity from annotated class: jm.task.core.jdbc.model.User
03:06:18.691 [main] DEBUG org.hibernate.cfg.Ejb3Column -- Binding column: Ejb3DiscriminatorColumn{logicalColumnName'DTYPE', discriminatorTypeName='string'}
03:06:18.696 [main] DEBUG org.hibernate.cfg.annotations.EntityBinder -- Import with entity name User
03:06:18.697 [main] DEBUG org.hibernate.cfg.annotations.EntityBinder -- Bind entity jm.task.core.jdbc.model.User on table user
03:06:18.713 [main] DEBUG org.hibernate.cfg.Ejb3Column -- Binding column: Ejb3Column{table=org.hibernate.mapping.Table(user), mappingColumn=id, insertable=true, updatable=true, unique=false}
03:06:18.715 [main] DEBUG org.hibernate.boot.internal.ClassLoaderAccessImpl -- Not known whether passed class name [jm.task.core.jdbc.model.User] is safe
03:06:18.715 [main] DEBUG org.hibernate.boot.internal.ClassLoaderAccessImpl -- No temp ClassLoader provided; using live ClassLoader for loading potentially unsafe class : jm.task.core.jdbc.model.User
03:06:18.716 [main] DEBUG org.hibernate.cfg.annotations.PropertyBinder -- MetadataSourceProcessor property id with lazy=false
03:06:18.717 [main] DEBUG org.hibernate.cfg.AbstractPropertyHolder -- Attempting to locate auto-apply AttributeConverter for property [jm.task.core.jdbc.model.User:id]
03:06:18.719 [main] DEBUG org.hibernate.cfg.annotations.SimpleValueBinder -- building SimpleValue for id
03:06:18.721 [main] DEBUG org.hibernate.cfg.annotations.PropertyBinder -- Building property id
03:06:18.724 [main] DEBUG org.hibernate.cfg.BinderHelper -- #makeIdGenerator(org.hibernate.mapping.SimpleValue([org.hibernate.mapping.Column(id)]), id, identity, , ...)
03:06:18.724 [main] DEBUG org.hibernate.cfg.Ejb3Column -- Binding column: Ejb3Column{table=org.hibernate.mapping.Table(user), mappingColumn=age, insertable=true, updatable=true, unique=false}
03:06:18.725 [main] DEBUG org.hibernate.cfg.annotations.PropertyBinder -- MetadataSourceProcessor property age with lazy=false
03:06:18.725 [main] DEBUG org.hibernate.cfg.AbstractPropertyHolder -- Attempting to locate auto-apply AttributeConverter for property [jm.task.core.jdbc.model.User:age]
03:06:18.725 [main] DEBUG org.hibernate.cfg.annotations.SimpleValueBinder -- building SimpleValue for age
03:06:18.725 [main] DEBUG org.hibernate.cfg.annotations.PropertyBinder -- Building property age
03:06:18.725 [main] DEBUG org.hibernate.cfg.Ejb3Column -- Binding column: Ejb3Column{table=org.hibernate.mapping.Table(user), mappingColumn=lastName, insertable=true, updatable=true, unique=false}
03:06:18.725 [main] DEBUG org.hibernate.cfg.annotations.PropertyBinder -- MetadataSourceProcessor property lastName with lazy=false
03:06:18.725 [main] DEBUG org.hibernate.cfg.AbstractPropertyHolder -- Attempting to locate auto-apply AttributeConverter for property [jm.task.core.jdbc.model.User:lastName]
03:06:18.725 [main] DEBUG org.hibernate.cfg.annotations.SimpleValueBinder -- building SimpleValue for lastName
03:06:18.725 [main] DEBUG org.hibernate.cfg.annotations.PropertyBinder -- Building property lastName
03:06:18.726 [main] DEBUG org.hibernate.cfg.Ejb3Column -- Binding column: Ejb3Column{table=org.hibernate.mapping.Table(user), mappingColumn=name, insertable=true, updatable=true, unique=false}
03:06:18.726 [main] DEBUG org.hibernate.cfg.annotations.PropertyBinder -- MetadataSourceProcessor property name with lazy=false
03:06:18.726 [main] DEBUG org.hibernate.cfg.AbstractPropertyHolder -- Attempting to locate auto-apply AttributeConverter for property [jm.task.core.jdbc.model.User:name]
03:06:18.726 [main] DEBUG org.hibernate.cfg.annotations.SimpleValueBinder -- building SimpleValue for name
03:06:18.726 [main] DEBUG org.hibernate.cfg.annotations.PropertyBinder -- Building property name
03:06:18.732 [main] DEBUG org.hibernate.cfg.annotations.SimpleValueBinder -- Starting fillSimpleValue for id
03:06:18.732 [main] DEBUG org.hibernate.cfg.annotations.SimpleValueBinder -- Starting fillSimpleValue for age
03:06:18.732 [main] DEBUG org.hibernate.cfg.annotations.SimpleValueBinder -- Starting fillSimpleValue for lastName
03:06:18.732 [main] DEBUG org.hibernate.cfg.annotations.SimpleValueBinder -- Starting fillSimpleValue for name
03:06:18.733 [main] DEBUG org.hibernate.mapping.PrimaryKey -- Forcing column [id] to be non-null as it is part of the primary key for table [user]
03:06:18.758 [main] DEBUG org.hibernate.internal.SessionFactoryImpl -- Building session factory
03:06:18.758 [main] DEBUG org.hibernate.cfg.Settings -- SessionFactory name : null
03:06:18.758 [main] DEBUG org.hibernate.cfg.Settings -- Automatic flush during beforeCompletion(): enabled
03:06:18.758 [main] DEBUG org.hibernate.cfg.Settings -- Automatic session close at end of transaction: disabled
03:06:18.758 [main] DEBUG org.hibernate.cfg.Settings -- Statistics: disabled
03:06:18.758 [main] DEBUG org.hibernate.cfg.Settings -- Deleted entity synthetic identifier rollback: disabled
03:06:18.759 [main] DEBUG org.hibernate.cfg.Settings -- Default entity-mode: pojo
03:06:18.759 [main] DEBUG org.hibernate.cfg.Settings -- Check Nullability in Core (should be disabled when Bean Validation is on): enabled
03:06:18.759 [main] DEBUG org.hibernate.cfg.Settings -- Allow initialization of lazy state outside session : disabled
03:06:18.759 [main] DEBUG org.hibernate.cfg.Settings -- Using BatchFetchStyle : LEGACY
03:06:18.759 [main] DEBUG org.hibernate.cfg.Settings -- Default batch fetch size: -1
03:06:18.759 [main] DEBUG org.hibernate.cfg.Settings -- Maximum outer join fetch depth: 2
03:06:18.759 [main] DEBUG org.hibernate.cfg.Settings -- Default null ordering: NONE
03:06:18.759 [main] DEBUG org.hibernate.cfg.Settings -- Order SQL updates by primary key: disabled
03:06:18.759 [main] DEBUG org.hibernate.cfg.Settings -- Order SQL inserts for batching: disabled
03:06:18.759 [main] DEBUG org.hibernate.cfg.Settings -- multi-tenancy strategy : NONE
03:06:18.759 [main] DEBUG org.hibernate.cfg.Settings -- JTA Track by Thread: enabled
03:06:18.759 [main] DEBUG org.hibernate.cfg.Settings -- Query language substitutions: {}
03:06:18.759 [main] DEBUG org.hibernate.cfg.Settings -- Named query checking : enabled
03:06:18.759 [main] DEBUG org.hibernate.cfg.Settings -- Second-level cache: disabled
03:06:18.759 [main] DEBUG org.hibernate.cfg.Settings -- Second-level query cache: disabled
03:06:18.759 [main] DEBUG org.hibernate.cfg.Settings -- Second-level query cache factory: null
03:06:18.759 [main] DEBUG org.hibernate.cfg.Settings -- Second-level cache region prefix: null
03:06:18.759 [main] DEBUG org.hibernate.cfg.Settings -- Optimize second-level cache for minimal puts: disabled
03:06:18.759 [main] DEBUG org.hibernate.cfg.Settings -- Structured second-level cache entries: disabled
03:06:18.759 [main] DEBUG org.hibernate.cfg.Settings -- Second-level cache direct-reference entries: disabled
03:06:18.759 [main] DEBUG org.hibernate.cfg.Settings -- Automatic eviction of collection cache: disabled
03:06:18.759 [main] DEBUG org.hibernate.cfg.Settings -- JDBC batch size: 15
03:06:18.760 [main] DEBUG org.hibernate.cfg.Settings -- JDBC batch updates for versioned data: enabled
03:06:18.760 [main] DEBUG org.hibernate.cfg.Settings -- Scrollable result sets: enabled
03:06:18.760 [main] DEBUG org.hibernate.cfg.Settings -- Wrap result sets: disabled
03:06:18.760 [main] DEBUG org.hibernate.cfg.Settings -- JDBC3 getGeneratedKeys(): enabled
03:06:18.760 [main] DEBUG org.hibernate.cfg.Settings -- JDBC result set fetch size: null
03:06:18.760 [main] DEBUG org.hibernate.cfg.Settings -- Connection release mode: AFTER_TRANSACTION
03:06:18.760 [main] DEBUG org.hibernate.cfg.Settings -- Generate SQL with comments: disabled
03:06:18.760 [main] DEBUG org.hibernate.cfg.Settings -- JPA compliance - query : disabled
03:06:18.760 [main] DEBUG org.hibernate.cfg.Settings -- JPA compliance - closed-handling : disabled
03:06:18.760 [main] DEBUG org.hibernate.cfg.Settings -- JPA compliance - lists : disabled
03:06:18.760 [main] DEBUG org.hibernate.cfg.Settings -- JPA compliance - transactions : disabled
03:06:18.805 [main] DEBUG org.hibernate.service.internal.SessionFactoryServiceRegistryImpl -- EventListenerRegistry access via ServiceRegistry is deprecated.  Use `sessionFactory.getEventEngine().getListenerRegistry()` instead
03:06:18.806 [main] DEBUG org.hibernate.service.internal.SessionFactoryServiceRegistryImpl -- EventListenerRegistry access via ServiceRegistry is deprecated.  Use `sessionFactory.getEventEngine().getListenerRegistry()` instead
03:06:18.816 [main] DEBUG org.hibernate.internal.SessionFactoryImpl -- Session factory constructed with filter configurations : {}
03:06:18.816 [main] DEBUG org.hibernate.internal.SessionFactoryImpl -- Instantiating session factory with properties: {java.specification.version=17, sun.cpu.isalist=amd64, sun.jnu.encoding=Cp1251, hibernate.dialect=org.hibernate.dialect.MySQL5Dialect, java.class.path=C:\Users\Роман\IdeaProjects\PP\target\test-classes;C:\Users\Роман\IdeaProjects\PP\target\classes;C:\Users\Роман\.m2\repository\junit\junit\4.13.2\junit-4.13.2.jar;C:\Users\Роман\.m2\repository\org\hamcrest\hamcrest-core\1.3\hamcrest-core-1.3.jar;C:\Users\Роман\.m2\repository\mysql\mysql-connector-java\8.0.25\mysql-connector-java-8.0.25.jar;C:\Users\Роман\.m2\repository\com\google\protobuf\protobuf-java\3.11.4\protobuf-java-3.11.4.jar;C:\Users\Роман\.m2\repository\org\hibernate\javax\persistence\hibernate-jpa-2.1-api\1.0.2.Final\hibernate-jpa-2.1-api-1.0.2.Final.jar;C:\Users\Роман\.m2\repository\org\hibernate\hibernate-core\5.6.3.Final\hibernate-core-5.6.3.Final.jar;C:\Users\Роман\.m2\repository\org\jboss\logging\jboss-logging\3.4.2.Final\jboss-logging-3.4.2.Final.jar;C:\Users\Роман\.m2\repository\javax\persistence\javax.persistence-api\2.2\javax.persistence-api-2.2.jar;C:\Users\Роман\.m2\repository\net\bytebuddy\byte-buddy\1.11.20\byte-buddy-1.11.20.jar;C:\Users\Роман\.m2\repository\antlr\antlr\2.7.7\antlr-2.7.7.jar;C:\Users\Роман\.m2\repository\org\jboss\spec\javax\transaction\jboss-transaction-api_1.2_spec\1.1.1.Final\jboss-transaction-api_1.2_spec-1.1.1.Final.jar;C:\Users\Роман\.m2\repository\org\jboss\jandex\2.2.3.Final\jandex-2.2.3.Final.jar;C:\Users\Роман\.m2\repository\com\fasterxml\classmate\1.5.1\classmate-1.5.1.jar;C:\Users\Роман\.m2\repository\javax\activation\javax.activation-api\1.2.0\javax.activation-api-1.2.0.jar;C:\Users\Роман\.m2\repository\org\hibernate\common\hibernate-commons-annotations\5.1.2.Final\hibernate-commons-annotations-5.1.2.Final.jar;C:\Users\Роман\.m2\repository\javax\xml\bind\jaxb-api\2.3.1\jaxb-api-2.3.1.jar;C:\Users\Роман\.m2\repository\org\glassfish\jaxb\jaxb-runtime\2.3.1\jaxb-runtime-2.3.1.jar;C:\Users\Роман\.m2\repository\org\glassfish\jaxb\txw2\2.3.1\txw2-2.3.1.jar;C:\Users\Роман\.m2\repository\com\sun\istack\istack-commons-runtime\3.0.7\istack-commons-runtime-3.0.7.jar;C:\Users\Роман\.m2\repository\org\jvnet\staxex\stax-ex\1.8\stax-ex-1.8.jar;C:\Users\Роман\.m2\repository\com\sun\xml\fastinfoset\FastInfoset\1.2.15\FastInfoset-1.2.15.jar;C:\Users\Роман\.m2\repository\ch\qos\logback\logback-classic\1.5.12\logback-classic-1.5.12.jar;C:\Users\Роман\.m2\repository\ch\qos\logback\logback-core\1.5.12\logback-core-1.5.12.jar;C:\Users\Роман\.m2\repository\org\slf4j\slf4j-api\2.0.16\slf4j-api-2.0.16.jar;C:\Users\Роман\.m2\repository\org\projectlombok\lombok\1.18.36\lombok-1.18.36.jar;, java.vm.vendor=Oracle Corporation, sun.arch.data.model=64, user.variant=, java.vendor.url=https://java.oracle.com/, user.timezone=Europe/Moscow, java.vm.specification.version=17, os.name=Windows 10, sun.java.launcher=SUN_STANDARD, user.country=RU, sun.boot.library.path=C:\Program Files\Java\jdk-17\bin, sun.java.command=C:\Users\Роман\AppData\Local\Temp\surefire17206806806175379800\surefirebooter-20241222030616566_3.jar C:\Users\Роман\AppData\Local\Temp\surefire17206806806175379800 2024-12-22T03-06-16_435-jvmRun1 surefire-20241222030616566_1tmp surefire_0-20241222030616566_2tmp, jdk.debug=release, surefire.test.class.path=C:\Users\Роман\IdeaProjects\PP\target\test-classes;C:\Users\Роман\IdeaProjects\PP\target\classes;C:\Users\Роман\.m2\repository\junit\junit\4.13.2\junit-4.13.2.jar;C:\Users\Роман\.m2\repository\org\hamcrest\hamcrest-core\1.3\hamcrest-core-1.3.jar;C:\Users\Роман\.m2\repository\mysql\mysql-connector-java\8.0.25\mysql-connector-java-8.0.25.jar;C:\Users\Роман\.m2\repository\com\google\protobuf\protobuf-java\3.11.4\protobuf-java-3.11.4.jar;C:\Users\Роман\.m2\repository\org\hibernate\javax\persistence\hibernate-jpa-2.1-api\1.0.2.Final\hibernate-jpa-2.1-api-1.0.2.Final.jar;C:\Users\Роман\.m2\repository\org\hibernate\hibernate-core\5.6.3.Final\hibernate-core-5.6.3.Final.jar;C:\Users\Роман\.m2\repository\org\jboss\logging\jboss-logging\3.4.2.Final\jboss-logging-3.4.2.Final.jar;C:\Users\Роман\.m2\repository\javax\persistence\javax.persistence-api\2.2\javax.persistence-api-2.2.jar;C:\Users\Роман\.m2\repository\net\bytebuddy\byte-buddy\1.11.20\byte-buddy-1.11.20.jar;C:\Users\Роман\.m2\repository\antlr\antlr\2.7.7\antlr-2.7.7.jar;C:\Users\Роман\.m2\repository\org\jboss\spec\javax\transaction\jboss-transaction-api_1.2_spec\1.1.1.Final\jboss-transaction-api_1.2_spec-1.1.1.Final.jar;C:\Users\Роман\.m2\repository\org\jboss\jandex\2.2.3.Final\jandex-2.2.3.Final.jar;C:\Users\Роман\.m2\repository\com\fasterxml\classmate\1.5.1\classmate-1.5.1.jar;C:\Users\Роман\.m2\repository\javax\activation\javax.activation-api\1.2.0\javax.activation-api-1.2.0.jar;C:\Users\Роман\.m2\repository\org\hibernate\common\hibernate-commons-annotations\5.1.2.Final\hibernate-commons-annotations-5.1.2.Final.jar;C:\Users\Роман\.m2\repository\javax\xml\bind\jaxb-api\2.3.1\jaxb-api-2.3.1.jar;C:\Users\Роман\.m2\repository\org\glassfish\jaxb\jaxb-runtime\2.3.1\jaxb-runtime-2.3.1.jar;C:\Users\Роман\.m2\repository\org\glassfish\jaxb\txw2\2.3.1\txw2-2.3.1.jar;C:\Users\Роман\.m2\repository\com\sun\istack\istack-commons-runtime\3.0.7\istack-commons-runtime-3.0.7.jar;C:\Users\Роман\.m2\repository\org\jvnet\staxex\stax-ex\1.8\stax-ex-1.8.jar;C:\Users\Роман\.m2\repository\com\sun\xml\fastinfoset\FastInfoset\1.2.15\FastInfoset-1.2.15.jar;C:\Users\Роман\.m2\repository\ch\qos\logback\logback-classic\1.5.12\logback-classic-1.5.12.jar;C:\Users\Роман\.m2\repository\ch\qos\logback\logback-core\1.5.12\logback-core-1.5.12.jar;C:\Users\Роман\.m2\repository\org\slf4j\slf4j-api\2.0.16\slf4j-api-2.0.16.jar;C:\Users\Роман\.m2\repository\org\projectlombok\lombok\1.18.36\lombok-1.18.36.jar;, sun.cpu.endian=little, user.home=C:\Users\Роман, user.language=ru, java.specification.vendor=Oracle Corporation, java.version.date=2024-07-16, java.home=C:\Program Files\Java\jdk-17, file.separator=\, basedir=C:\Users\Роман\IdeaProjects\PP, java.vm.compressedOopsMode=Zero based, line.separator=
, java.vm.specification.vendor=Oracle Corporation, java.specification.name=Java Platform API Specification, surefire.real.class.path=C:\Users\Роман\AppData\Local\Temp\surefire17206806806175379800\surefirebooter-20241222030616566_3.jar, hibernate.hbm2ddl.auto=, user.script=, sun.management.compiler=HotSpot 64-Bit Tiered Compilers, java.runtime.version=17.0.12+8-LTS-286, user.name=Роман, path.separator=;, hibernate.connection.username=****, os.version=10.0, java.runtime.name=Java(TM) SE Runtime Environment, hibernate.connection.url=jdbc:mysql://localhost:3306/testforkata?useSSL=false, file.encoding=Cp1251, java.vm.name=Java HotSpot(TM) 64-Bit Server VM, hibernate.show_sql=true, hibernate.current_session_context_class=thread, localRepository=C:\Users\Роман\.m2\repository, hibernate.connection.driver_class=com.mysql.cj.jdbc.Driver, java.vendor.url.bug=https://bugreport.java.com/bugreport/, java.io.tmpdir=C:\Users\4CFA~1\AppData\Local\Temp\, java.version=17.0.12, user.dir=C:\Users\Роман\IdeaProjects\PP, os.arch=amd64, java.vm.specification.name=Java Virtual Machine Specification, hibernate.connection.password=****, sun.os.patch.level=, hibernate.boot.CfgXmlAccessService.key=org.hibernate.boot.cfgxml.spi.LoadedConfig@18fdb6cf, native.encoding=Cp1251, java.library.path=C:\Program Files\Java\jdk-17\bin;C:\Windows\Sun\Java\bin;C:\Windows\system32;C:\Windows;C:\Program Files\Git\mingw64\bin;C:\Program Files\Git\usr\bin;C:\Users\Роман\bin;C:\Program Files (x86)\Common Files\Intel\Shared Libraries\redist\intel64\compiler;C:\Windows\system32;C:\Windows;C:\Windows\System32\Wbem;C:\Windows\System32\WindowsPowerShell\v1.0;C:\Windows\System32\OpenSSH;C:\Program Files\NVIDIA Corporation\NVIDIA NvDLISR;C:\Program Files (x86)\NVIDIA Corporation\PhysX\Common;C:\Program Files\dotnet;C:\Program Files\Java\jdk-17.0.5\bin;C:\Program Files\apache-maven-3.9.9\bin;C:\Program Files\Docker\Docker\resources\bin;C:\Program Files\Git\cmd;C:\Program Files\TortoiseGit\bin;C:\Program Files\MySQL\MySQL Shell 8.0\bin;C:\Users\Роман\AppData\Local\Microsoft\WindowsApps;C:\Users\Роман\AppData\Local\JetBrains\Toolbox\scripts;C:\Program Files\Java\jdk-17\bin;., java.vendor=Oracle Corporation, java.vm.info=mixed mode, sharing, java.vm.version=17.0.12+8-LTS-286, hibernate.bytecode.use_reflection_optimizer=false, sun.io.unicode.encoding=UnicodeLittle, java.class.version=61.0}
03:06:18.828 [main] DEBUG org.hibernate.secure.spi.JaccIntegrator -- Skipping JACC integration as it was not enabled
03:06:18.829 [main] DEBUG org.hibernate.internal.SessionFactoryImpl -- Instantiated session factory
03:06:18.829 [main] DEBUG org.hibernate.type.spi.TypeConfiguration$Scope -- Scoping TypeConfiguration [org.hibernate.type.spi.TypeConfiguration@11acdc30] to SessionFactoryImpl [org.hibernate.internal.SessionFactoryImpl@4525d1d3]
03:06:18.876 [main] DEBUG org.hibernate.boot.internal.ClassLoaderAccessImpl -- Not known whether passed class name [jm.task.core.jdbc.model.User] is safe
03:06:18.876 [main] DEBUG org.hibernate.boot.internal.ClassLoaderAccessImpl -- No temp ClassLoader provided; using live ClassLoader for loading potentially unsafe class : jm.task.core.jdbc.model.User
03:06:19.029 [main] DEBUG org.hibernate.persister.entity.AbstractEntityPersister -- Static SQL for entity: jm.task.core.jdbc.model.User
03:06:19.029 [main] DEBUG org.hibernate.persister.entity.AbstractEntityPersister --  Version select: select id from user where id =?
03:06:19.029 [main] DEBUG org.hibernate.persister.entity.AbstractEntityPersister --  Snapshot select: select user_.id, user_.age as age2_0_, user_.lastName as lastname3_0_, user_.name as name4_0_ from user user_ where user_.id=?
03:06:19.029 [main] DEBUG org.hibernate.persister.entity.AbstractEntityPersister --  Insert 0: insert into user (age, lastName, name, id) values (?, ?, ?, ?)
03:06:19.029 [main] DEBUG org.hibernate.persister.entity.AbstractEntityPersister --  Update 0: update user set age=?, lastName=?, name=? where id=?
03:06:19.030 [main] DEBUG org.hibernate.persister.entity.AbstractEntityPersister --  Delete 0: delete from user where id=?
03:06:19.030 [main] DEBUG org.hibernate.persister.entity.AbstractEntityPersister --  Identity insert: insert into user (age, lastName, name) values (?, ?, ?)
03:06:19.047 [main] DEBUG org.hibernate.loader.plan.build.internal.spaces.QuerySpacesImpl -- Adding QuerySpace : uid = <gen:0> -> org.hibernate.loader.plan.build.internal.spaces.EntityQuerySpaceImpl@72725ee1]
03:06:19.048 [main] DEBUG org.hibernate.persister.walking.spi.MetamodelGraphWalker -- Visiting attribute path : age
03:06:19.048 [main] DEBUG org.hibernate.persister.walking.spi.MetamodelGraphWalker -- Visiting attribute path : lastName
03:06:19.048 [main] DEBUG org.hibernate.persister.walking.spi.MetamodelGraphWalker -- Visiting attribute path : name
03:06:19.048 [main] DEBUG org.hibernate.loader.plan.build.internal.FetchStyleLoadPlanBuildingAssociationVisitationStrategy -- Building LoadPlan...
03:06:19.055 [main] DEBUG org.hibernate.loader.plan.exec.internal.LoadQueryJoinAndFetchProcessor -- processing queryspace <gen:0>
03:06:19.059 [main] DEBUG org.hibernate.loader.plan.build.spi.LoadPlanTreePrinter -- LoadPlan(entity=jm.task.core.jdbc.model.User)
    - Returns
       - EntityReturnImpl(entity=jm.task.core.jdbc.model.User, querySpaceUid=<gen:0>, path=jm.task.core.jdbc.model.User)
    - QuerySpaces
       - EntityQuerySpaceImpl(uid=<gen:0>, entity=jm.task.core.jdbc.model.User)
          - SQL table alias mapping - user0_
          - alias suffix - 0_
          - suffixed key columns - {id1_0_0_}

03:06:19.061 [main] DEBUG org.hibernate.loader.entity.plan.EntityLoader -- Static select for entity jm.task.core.jdbc.model.User [NONE]: select user0_.id as id1_0_0_, user0_.age as age2_0_0_, user0_.lastName as lastname3_0_0_, user0_.name as name4_0_0_ from user user0_ where user0_.id=?
03:06:19.078 [main] DEBUG org.hibernate.tool.schema.spi.SchemaManagementToolCoordinator -- No actions specified; doing nothing
03:06:19.081 [main] DEBUG org.hibernate.query.spi.NamedQueryRepository -- Checking 0 named HQL queries
03:06:19.081 [main] DEBUG org.hibernate.query.spi.NamedQueryRepository -- Checking 0 named SQL queries
03:06:19.084 [main] DEBUG org.hibernate.service.internal.SessionFactoryServiceRegistryImpl -- EventListenerRegistry access via ServiceRegistry is deprecated.  Use `sessionFactory.getEventEngine().getListenerRegistry()` instead
03:06:19.088 [main] DEBUG org.hibernate.internal.SessionFactoryRegistry -- Initializing SessionFactoryRegistry : org.hibernate.internal.SessionFactoryRegistry@126f1ba8
03:06:19.089 [main] DEBUG org.hibernate.internal.SessionFactoryRegistry -- Registering SessionFactory: 8305325a-866f-44cd-818b-aa87043fe4b0 (<unnamed>)
03:06:19.090 [main] DEBUG org.hibernate.internal.SessionFactoryRegistry -- Not binding SessionFactory to JNDI, no JNDI name configured
03:06:19.133 [main] DEBUG org.hibernate.stat.internal.StatisticsInitiator -- Statistics initialized [enabled=false]
03:06:19.136 [main] DEBUG org.hibernate.engine.transaction.internal.TransactionImpl -- On TransactionImpl creation, JpaCompliance#isJpaTransactionComplianceEnabled == false
03:06:19.137 [main] DEBUG org.hibernate.engine.transaction.internal.TransactionImpl -- begin
03:06:19.157 [main] DEBUG org.hibernate.SQL -- DROP TABLE IF EXISTS user
Hibernate: DROP TABLE IF EXISTS user
03:06:19.200 [main] DEBUG org.hibernate.engine.transaction.internal.TransactionImpl -- committing
03:06:19.201 [main] DEBUG org.hibernate.resource.jdbc.internal.LogicalConnectionManagedImpl -- Initiating JDBC connection release from afterTransaction
03:06:19.201 [main] DEBUG org.hibernate.resource.jdbc.internal.LogicalConnectionManagedImpl -- Initiating JDBC connection release from afterTransaction
03:06:19.202 [main] DEBUG org.hibernate.engine.transaction.internal.TransactionImpl -- On TransactionImpl creation, JpaCompliance#isJpaTransactionComplianceEnabled == false
03:06:19.202 [main] DEBUG org.hibernate.engine.transaction.internal.TransactionImpl -- begin
03:06:19.203 [main] DEBUG org.hibernate.SQL -- CREATE TABLE IF NOT EXISTS user (
id INT AUTO_INCREMENT PRIMARY KEY,
name VARCHAR(45) NOT NULL,
lastname VARCHAR(45) NOT NULL,
age INT)

Hibernate: CREATE TABLE IF NOT EXISTS user (
id INT AUTO_INCREMENT PRIMARY KEY,
name VARCHAR(45) NOT NULL,
lastname VARCHAR(45) NOT NULL,
age INT)

03:06:19.316 [main] DEBUG org.hibernate.engine.transaction.internal.TransactionImpl -- committing
03:06:19.317 [main] DEBUG org.hibernate.resource.jdbc.internal.LogicalConnectionManagedImpl -- Initiating JDBC connection release from afterTransaction
03:06:19.317 [main] DEBUG org.hibernate.resource.jdbc.internal.LogicalConnectionManagedImpl -- Initiating JDBC connection release from afterTransaction
03:06:19.317 [main] DEBUG org.hibernate.engine.transaction.internal.TransactionImpl -- On TransactionImpl creation, JpaCompliance#isJpaTransactionComplianceEnabled == false
03:06:19.317 [main] DEBUG org.hibernate.engine.transaction.internal.TransactionImpl -- begin
03:06:19.327 [main] DEBUG org.hibernate.engine.spi.ActionQueue -- Executing identity-insert immediately
03:06:19.328 [main] DEBUG org.hibernate.SQL -- insert into user (age, lastName, name) values (?, ?, ?)
Hibernate: insert into user (age, lastName, name) values (?, ?, ?)
03:06:19.347 [main] DEBUG org.hibernate.id.IdentifierGeneratorHelper -- Natively generated identity: 1
03:06:19.347 [main] DEBUG org.hibernate.resource.jdbc.internal.ResourceRegistryStandardImpl -- HHH000387: ResultSet's statement was not registered
03:06:19.349 [main] DEBUG org.hibernate.engine.transaction.internal.TransactionImpl -- committing
03:06:19.349 [main] DEBUG org.hibernate.event.internal.AbstractFlushingEventListener -- Processing flush-time cascades
03:06:19.350 [main] DEBUG org.hibernate.event.internal.AbstractFlushingEventListener -- Dirty checking collections
03:06:19.353 [main] DEBUG org.hibernate.event.internal.AbstractFlushingEventListener -- Flushed: 0 insertions, 0 updates, 0 deletions to 1 objects
03:06:19.353 [main] DEBUG org.hibernate.event.internal.AbstractFlushingEventListener -- Flushed: 0 (re)creations, 0 updates, 0 removals to 0 collections
03:06:19.354 [main] DEBUG org.hibernate.internal.util.EntityPrinter -- Listing entities:
03:06:19.354 [main] DEBUG org.hibernate.internal.util.EntityPrinter -- jm.task.core.jdbc.model.User{lastName=Ivanov, name=Ivan, id=1, age=5}
03:06:19.364 [main] DEBUG org.hibernate.resource.jdbc.internal.LogicalConnectionManagedImpl -- Initiating JDBC connection release from afterTransaction
03:06:19.364 [main] DEBUG org.hibernate.resource.jdbc.internal.LogicalConnectionManagedImpl -- Initiating JDBC connection release from afterTransaction
03:06:19.367 [main] DEBUG org.hibernate.hql.internal.QueryTranslatorFactoryInitiator -- QueryTranslatorFactory: org.hibernate.hql.internal.ast.ASTQueryTranslatorFactory@489091bd
03:06:19.383 [main] DEBUG org.hibernate.hql.internal.ast.QueryTranslatorImpl -- parse() - HQL: from jm.task.core.jdbc.model.User
03:06:19.386 [main] DEBUG org.hibernate.hql.internal.ast.ErrorTracker -- throwQueryException() : no errors
03:06:19.390 [main] DEBUG org.hibernate.hql.internal.ast.QueryTranslatorImpl -- --- HQL AST ---
 \-[QUERY] Node: 'query'
    \-[SELECT_FROM] Node: 'SELECT_FROM'
       \-[FROM] Node: 'from'
          \-[RANGE] Node: 'RANGE'
             \-[DOT] Node: '.'
                +-[DOT] Node: '.'
                |  +-[DOT] Node: '.'
                |  |  +-[DOT] Node: '.'
                |  |  |  +-[DOT] Node: '.'
                |  |  |  |  +-[IDENT] Node: 'jm'
                |  |  |  |  \-[IDENT] Node: 'task'
                |  |  |  \-[IDENT] Node: 'core'
                |  |  \-[IDENT] Node: 'jdbc'
                |  \-[IDENT] Node: 'model'
                \-[IDENT] Node: 'User'

03:06:19.402 [main] DEBUG org.hibernate.hql.internal.antlr.HqlSqlBaseWalker -- select << begin [level=1, statement=select]
03:06:19.410 [main] DEBUG org.hibernate.hql.internal.ast.tree.FromElement -- FromClause{level=1} : jm.task.core.jdbc.model.User (<no alias>) -> user0_
03:06:19.411 [main] DEBUG org.hibernate.hql.internal.antlr.HqlSqlBaseWalker -- select : finishing up [level=1, statement=select]
03:06:19.411 [main] DEBUG org.hibernate.hql.internal.ast.HqlSqlWalker -- processQuery() :  ( SELECT ( FromClause{level=1} user user0_ ) )
03:06:19.414 [main] DEBUG org.hibernate.hql.internal.ast.HqlSqlWalker -- Derived SELECT clause created.
03:06:19.415 [main] DEBUG org.hibernate.hql.internal.ast.util.JoinProcessor -- Tables referenced from query nodes:
 \-QueryNode
    +-SelectClause
    | referencedTables(entity User): [user]
    |  +-SelectExpressionImpl
    |  | persister: SingleTableEntityPersister(jm.task.core.jdbc.model.User)
    |  \-SqlFragment
    \-FromClause
       \-FromElement

03:06:19.417 [main] DEBUG org.hibernate.hql.internal.ast.util.JoinProcessor -- Using FROM fragment [user user0_]
03:06:19.417 [main] DEBUG org.hibernate.hql.internal.antlr.HqlSqlBaseWalker -- select >> end [level=1, statement=select]
03:06:19.418 [main] DEBUG org.hibernate.hql.internal.ast.QueryTranslatorImpl -- --- SQL AST ---
 \-[SELECT] QueryNode: 'SELECT'  querySpaces (user)
    +-[SELECT_CLAUSE] SelectClause: '{derived select clause}'
    |  +-[SELECT_EXPR] SelectExpressionImpl: 'user0_.id as id1_0_' {FromElement{explicit,not a collection join,not a fetch join,fetch non-lazy properties,classAlias=null,role=null,tableName=user,tableAlias=user0_,origin=null,columns={,className=jm.task.core.jdbc.model.User}}}
    |  \-[SQL_TOKEN] SqlFragment: 'user0_.age as age2_0_, user0_.lastName as lastname3_0_, user0_.name as name4_0_'
    \-[FROM] FromClause: 'from' FromClause{level=1, fromElementCounter=1, fromElements=1, fromElementByClassAlias=[], fromElementByTableAlias=[user0_], fromElementsByPath=[], collectionJoinFromElementsByPath=[], impliedElements=[]}
       \-[FROM_FRAGMENT] FromElement: 'user user0_' FromElement{explicit,not a collection join,not a fetch join,fetch non-lazy properties,classAlias=null,role=null,tableName=user,tableAlias=user0_,origin=null,columns={,className=jm.task.core.jdbc.model.User}}

03:06:19.418 [main] DEBUG org.hibernate.hql.internal.ast.ErrorTracker -- throwQueryException() : no errors
03:06:19.421 [main] DEBUG org.hibernate.hql.internal.ast.QueryTranslatorImpl -- HQL: from jm.task.core.jdbc.model.User
03:06:19.422 [main] DEBUG org.hibernate.hql.internal.ast.QueryTranslatorImpl -- SQL: select user0_.id as id1_0_, user0_.age as age2_0_, user0_.lastName as lastname3_0_, user0_.name as name4_0_ from user user0_
03:06:19.422 [main] DEBUG org.hibernate.hql.internal.ast.ErrorTracker -- throwQueryException() : no errors
03:06:19.426 [main] DEBUG org.hibernate.SQL -- select user0_.id as id1_0_, user0_.age as age2_0_, user0_.lastName as lastname3_0_, user0_.name as name4_0_ from user user0_
Hibernate: select user0_.id as id1_0_, user0_.age as age2_0_, user0_.lastName as lastname3_0_, user0_.name as name4_0_ from user user0_
03:06:19.428 [main] DEBUG org.hibernate.loader.Loader -- Result set row: 0
03:06:19.429 [main] DEBUG org.hibernate.loader.Loader -- Result row: EntityKey[jm.task.core.jdbc.model.User#1]
03:06:19.432 [main] DEBUG org.hibernate.engine.internal.TwoPhaseLoad -- Resolving attributes for [jm.task.core.jdbc.model.User#1]
03:06:19.432 [main] DEBUG org.hibernate.engine.internal.TwoPhaseLoad -- Processing attribute `age` : value = 5
03:06:19.432 [main] DEBUG org.hibernate.engine.internal.TwoPhaseLoad -- Attribute (`age`)  - enhanced for lazy-loading? - false
03:06:19.432 [main] DEBUG org.hibernate.engine.internal.TwoPhaseLoad -- Processing attribute `lastName` : value = Ivanov
03:06:19.432 [main] DEBUG org.hibernate.engine.internal.TwoPhaseLoad -- Attribute (`lastName`)  - enhanced for lazy-loading? - false
03:06:19.432 [main] DEBUG org.hibernate.engine.internal.TwoPhaseLoad -- Processing attribute `name` : value = Ivan
03:06:19.432 [main] DEBUG org.hibernate.engine.internal.TwoPhaseLoad -- Attribute (`name`)  - enhanced for lazy-loading? - false
03:06:19.433 [main] DEBUG org.hibernate.engine.internal.TwoPhaseLoad -- Done materializing entity [jm.task.core.jdbc.model.User#1]
03:06:19.434 [main] DEBUG org.hibernate.resource.jdbc.internal.LogicalConnectionManagedImpl -- Initiating JDBC connection release from afterTransaction
]]></system-out>
  </testcase>
  <testcase name="removeUserById" classname="UserServiceTest" time="0.138">
    <system-out><![CDATA[03:06:19.435 [main] DEBUG org.hibernate.engine.transaction.internal.TransactionImpl -- On TransactionImpl creation, JpaCompliance#isJpaTransactionComplianceEnabled == false
03:06:19.435 [main] DEBUG org.hibernate.engine.transaction.internal.TransactionImpl -- begin
03:06:19.436 [main] DEBUG org.hibernate.SQL -- DROP TABLE IF EXISTS user
Hibernate: DROP TABLE IF EXISTS user
03:06:19.472 [main] DEBUG org.hibernate.engine.transaction.internal.TransactionImpl -- committing
03:06:19.472 [main] DEBUG org.hibernate.resource.jdbc.internal.LogicalConnectionManagedImpl -- Initiating JDBC connection release from afterTransaction
03:06:19.473 [main] DEBUG org.hibernate.resource.jdbc.internal.LogicalConnectionManagedImpl -- Initiating JDBC connection release from afterTransaction
03:06:19.473 [main] DEBUG org.hibernate.engine.transaction.internal.TransactionImpl -- On TransactionImpl creation, JpaCompliance#isJpaTransactionComplianceEnabled == false
03:06:19.473 [main] DEBUG org.hibernate.engine.transaction.internal.TransactionImpl -- begin
03:06:19.473 [main] DEBUG org.hibernate.SQL -- CREATE TABLE IF NOT EXISTS user (
id INT AUTO_INCREMENT PRIMARY KEY,
name VARCHAR(45) NOT NULL,
lastname VARCHAR(45) NOT NULL,
age INT)

Hibernate: CREATE TABLE IF NOT EXISTS user (
id INT AUTO_INCREMENT PRIMARY KEY,
name VARCHAR(45) NOT NULL,
lastname VARCHAR(45) NOT NULL,
age INT)

03:06:19.529 [main] DEBUG org.hibernate.engine.transaction.internal.TransactionImpl -- committing
03:06:19.530 [main] DEBUG org.hibernate.resource.jdbc.internal.LogicalConnectionManagedImpl -- Initiating JDBC connection release from afterTransaction
03:06:19.530 [main] DEBUG org.hibernate.resource.jdbc.internal.LogicalConnectionManagedImpl -- Initiating JDBC connection release from afterTransaction
03:06:19.530 [main] DEBUG org.hibernate.engine.transaction.internal.TransactionImpl -- On TransactionImpl creation, JpaCompliance#isJpaTransactionComplianceEnabled == false
03:06:19.530 [main] DEBUG org.hibernate.engine.transaction.internal.TransactionImpl -- begin
03:06:19.531 [main] DEBUG org.hibernate.engine.spi.ActionQueue -- Executing identity-insert immediately
03:06:19.531 [main] DEBUG org.hibernate.SQL -- insert into user (age, lastName, name) values (?, ?, ?)
Hibernate: insert into user (age, lastName, name) values (?, ?, ?)
03:06:19.532 [main] DEBUG org.hibernate.id.IdentifierGeneratorHelper -- Natively generated identity: 1
03:06:19.532 [main] DEBUG org.hibernate.resource.jdbc.internal.ResourceRegistryStandardImpl -- HHH000387: ResultSet's statement was not registered
03:06:19.532 [main] DEBUG org.hibernate.engine.transaction.internal.TransactionImpl -- committing
03:06:19.532 [main] DEBUG org.hibernate.event.internal.AbstractFlushingEventListener -- Processing flush-time cascades
03:06:19.532 [main] DEBUG org.hibernate.event.internal.AbstractFlushingEventListener -- Dirty checking collections
03:06:19.532 [main] DEBUG org.hibernate.event.internal.AbstractFlushingEventListener -- Flushed: 0 insertions, 0 updates, 0 deletions to 1 objects
03:06:19.532 [main] DEBUG org.hibernate.event.internal.AbstractFlushingEventListener -- Flushed: 0 (re)creations, 0 updates, 0 removals to 0 collections
03:06:19.532 [main] DEBUG org.hibernate.internal.util.EntityPrinter -- Listing entities:
03:06:19.533 [main] DEBUG org.hibernate.internal.util.EntityPrinter -- jm.task.core.jdbc.model.User{lastName=Ivanov, name=Ivan, id=1, age=5}
03:06:19.542 [main] DEBUG org.hibernate.resource.jdbc.internal.LogicalConnectionManagedImpl -- Initiating JDBC connection release from afterTransaction
03:06:19.542 [main] DEBUG org.hibernate.resource.jdbc.internal.LogicalConnectionManagedImpl -- Initiating JDBC connection release from afterTransaction
03:06:19.542 [main] DEBUG org.hibernate.engine.transaction.internal.TransactionImpl -- On TransactionImpl creation, JpaCompliance#isJpaTransactionComplianceEnabled == false
03:06:19.542 [main] DEBUG org.hibernate.engine.transaction.internal.TransactionImpl -- begin
03:06:19.547 [main] DEBUG org.hibernate.SQL -- select user0_.id as id1_0_0_, user0_.age as age2_0_0_, user0_.lastName as lastname3_0_0_, user0_.name as name4_0_0_ from user user0_ where user0_.id=?
Hibernate: select user0_.id as id1_0_0_, user0_.age as age2_0_0_, user0_.lastName as lastname3_0_0_, user0_.name as name4_0_0_ from user user0_ where user0_.id=?
03:06:19.550 [main] DEBUG org.hibernate.loader.plan.exec.process.internal.EntityReferenceInitializerImpl -- On call to EntityIdentifierReaderImpl#resolve, EntityKey was already known; should only happen on root returns with an optional identifier specified
03:06:19.551 [main] DEBUG org.hibernate.engine.internal.TwoPhaseLoad -- Resolving attributes for [jm.task.core.jdbc.model.User#1]
03:06:19.551 [main] DEBUG org.hibernate.engine.internal.TwoPhaseLoad -- Processing attribute `age` : value = 5
03:06:19.551 [main] DEBUG org.hibernate.engine.internal.TwoPhaseLoad -- Attribute (`age`)  - enhanced for lazy-loading? - false
03:06:19.551 [main] DEBUG org.hibernate.engine.internal.TwoPhaseLoad -- Processing attribute `lastName` : value = Ivanov
03:06:19.551 [main] DEBUG org.hibernate.engine.internal.TwoPhaseLoad -- Attribute (`lastName`)  - enhanced for lazy-loading? - false
03:06:19.551 [main] DEBUG org.hibernate.engine.internal.TwoPhaseLoad -- Processing attribute `name` : value = Ivan
03:06:19.551 [main] DEBUG org.hibernate.engine.internal.TwoPhaseLoad -- Attribute (`name`)  - enhanced for lazy-loading? - false
03:06:19.551 [main] DEBUG org.hibernate.engine.internal.TwoPhaseLoad -- Done materializing entity [jm.task.core.jdbc.model.User#1]
03:06:19.551 [main] DEBUG org.hibernate.loader.entity.plan.AbstractLoadPlanBasedEntityLoader -- Done entity load : jm.task.core.jdbc.model.User#1
03:06:19.553 [main] DEBUG org.hibernate.engine.transaction.internal.TransactionImpl -- committing
03:06:19.553 [main] DEBUG org.hibernate.event.internal.AbstractFlushingEventListener -- Processing flush-time cascades
03:06:19.553 [main] DEBUG org.hibernate.event.internal.AbstractFlushingEventListener -- Dirty checking collections
03:06:19.553 [main] DEBUG org.hibernate.event.internal.AbstractFlushingEventListener -- Flushed: 0 insertions, 0 updates, 1 deletions to 1 objects
03:06:19.553 [main] DEBUG org.hibernate.event.internal.AbstractFlushingEventListener -- Flushed: 0 (re)creations, 0 updates, 0 removals to 0 collections
03:06:19.553 [main] DEBUG org.hibernate.internal.util.EntityPrinter -- Listing entities:
03:06:19.553 [main] DEBUG org.hibernate.internal.util.EntityPrinter -- jm.task.core.jdbc.model.User{lastName=Ivanov, name=Ivan, id=1, age=5}
03:06:19.557 [main] DEBUG org.hibernate.SQL -- delete from user where id=?
Hibernate: delete from user where id=?
03:06:19.571 [main] DEBUG org.hibernate.resource.jdbc.internal.LogicalConnectionManagedImpl -- Initiating JDBC connection release from afterTransaction
03:06:19.571 [main] DEBUG org.hibernate.resource.jdbc.internal.LogicalConnectionManagedImpl -- Initiating JDBC connection release from afterTransaction
03:06:19.572 [main] DEBUG org.hibernate.engine.jdbc.internal.JdbcCoordinatorImpl -- HHH000420: Closing un-released batch
]]></system-out>
  </testcase>
  <testcase name="getAllUsers" classname="UserServiceTest" time="0.106">
    <system-out><![CDATA[03:06:19.572 [main] DEBUG org.hibernate.engine.transaction.internal.TransactionImpl -- On TransactionImpl creation, JpaCompliance#isJpaTransactionComplianceEnabled == false
03:06:19.572 [main] DEBUG org.hibernate.engine.transaction.internal.TransactionImpl -- begin
03:06:19.573 [main] DEBUG org.hibernate.SQL -- DROP TABLE IF EXISTS user
Hibernate: DROP TABLE IF EXISTS user
03:06:19.613 [main] DEBUG org.hibernate.engine.transaction.internal.TransactionImpl -- committing
03:06:19.613 [main] DEBUG org.hibernate.resource.jdbc.internal.LogicalConnectionManagedImpl -- Initiating JDBC connection release from afterTransaction
03:06:19.614 [main] DEBUG org.hibernate.resource.jdbc.internal.LogicalConnectionManagedImpl -- Initiating JDBC connection release from afterTransaction
03:06:19.614 [main] DEBUG org.hibernate.engine.transaction.internal.TransactionImpl -- On TransactionImpl creation, JpaCompliance#isJpaTransactionComplianceEnabled == false
03:06:19.614 [main] DEBUG org.hibernate.engine.transaction.internal.TransactionImpl -- begin
03:06:19.614 [main] DEBUG org.hibernate.SQL -- CREATE TABLE IF NOT EXISTS user (
id INT AUTO_INCREMENT PRIMARY KEY,
name VARCHAR(45) NOT NULL,
lastname VARCHAR(45) NOT NULL,
age INT)

Hibernate: CREATE TABLE IF NOT EXISTS user (
id INT AUTO_INCREMENT PRIMARY KEY,
name VARCHAR(45) NOT NULL,
lastname VARCHAR(45) NOT NULL,
age INT)

03:06:19.666 [main] DEBUG org.hibernate.engine.transaction.internal.TransactionImpl -- committing
03:06:19.666 [main] DEBUG org.hibernate.resource.jdbc.internal.LogicalConnectionManagedImpl -- Initiating JDBC connection release from afterTransaction
03:06:19.667 [main] DEBUG org.hibernate.resource.jdbc.internal.LogicalConnectionManagedImpl -- Initiating JDBC connection release from afterTransaction
03:06:19.667 [main] DEBUG org.hibernate.engine.transaction.internal.TransactionImpl -- On TransactionImpl creation, JpaCompliance#isJpaTransactionComplianceEnabled == false
03:06:19.667 [main] DEBUG org.hibernate.engine.transaction.internal.TransactionImpl -- begin
03:06:19.667 [main] DEBUG org.hibernate.engine.spi.ActionQueue -- Executing identity-insert immediately
03:06:19.667 [main] DEBUG org.hibernate.SQL -- insert into user (age, lastName, name) values (?, ?, ?)
Hibernate: insert into user (age, lastName, name) values (?, ?, ?)
03:06:19.668 [main] DEBUG org.hibernate.id.IdentifierGeneratorHelper -- Natively generated identity: 1
03:06:19.668 [main] DEBUG org.hibernate.resource.jdbc.internal.ResourceRegistryStandardImpl -- HHH000387: ResultSet's statement was not registered
03:06:19.669 [main] DEBUG org.hibernate.engine.transaction.internal.TransactionImpl -- committing
03:06:19.669 [main] DEBUG org.hibernate.event.internal.AbstractFlushingEventListener -- Processing flush-time cascades
03:06:19.669 [main] DEBUG org.hibernate.event.internal.AbstractFlushingEventListener -- Dirty checking collections
03:06:19.669 [main] DEBUG org.hibernate.event.internal.AbstractFlushingEventListener -- Flushed: 0 insertions, 0 updates, 0 deletions to 1 objects
03:06:19.669 [main] DEBUG org.hibernate.event.internal.AbstractFlushingEventListener -- Flushed: 0 (re)creations, 0 updates, 0 removals to 0 collections
03:06:19.669 [main] DEBUG org.hibernate.internal.util.EntityPrinter -- Listing entities:
03:06:19.669 [main] DEBUG org.hibernate.internal.util.EntityPrinter -- jm.task.core.jdbc.model.User{lastName=Ivanov, name=Ivan, id=1, age=5}
03:06:19.678 [main] DEBUG org.hibernate.resource.jdbc.internal.LogicalConnectionManagedImpl -- Initiating JDBC connection release from afterTransaction
03:06:19.679 [main] DEBUG org.hibernate.resource.jdbc.internal.LogicalConnectionManagedImpl -- Initiating JDBC connection release from afterTransaction
03:06:19.679 [main] DEBUG org.hibernate.SQL -- select user0_.id as id1_0_, user0_.age as age2_0_, user0_.lastName as lastname3_0_, user0_.name as name4_0_ from user user0_
Hibernate: select user0_.id as id1_0_, user0_.age as age2_0_, user0_.lastName as lastname3_0_, user0_.name as name4_0_ from user user0_
03:06:19.680 [main] DEBUG org.hibernate.loader.Loader -- Result set row: 0
03:06:19.680 [main] DEBUG org.hibernate.loader.Loader -- Result row: EntityKey[jm.task.core.jdbc.model.User#1]
03:06:19.680 [main] DEBUG org.hibernate.engine.internal.TwoPhaseLoad -- Resolving attributes for [jm.task.core.jdbc.model.User#1]
03:06:19.680 [main] DEBUG org.hibernate.engine.internal.TwoPhaseLoad -- Processing attribute `age` : value = 5
03:06:19.680 [main] DEBUG org.hibernate.engine.internal.TwoPhaseLoad -- Attribute (`age`)  - enhanced for lazy-loading? - false
03:06:19.680 [main] DEBUG org.hibernate.engine.internal.TwoPhaseLoad -- Processing attribute `lastName` : value = Ivanov
03:06:19.680 [main] DEBUG org.hibernate.engine.internal.TwoPhaseLoad -- Attribute (`lastName`)  - enhanced for lazy-loading? - false
03:06:19.680 [main] DEBUG org.hibernate.engine.internal.TwoPhaseLoad -- Processing attribute `name` : value = Ivan
03:06:19.680 [main] DEBUG org.hibernate.engine.internal.TwoPhaseLoad -- Attribute (`name`)  - enhanced for lazy-loading? - false
03:06:19.680 [main] DEBUG org.hibernate.engine.internal.TwoPhaseLoad -- Done materializing entity [jm.task.core.jdbc.model.User#1]
03:06:19.680 [main] DEBUG org.hibernate.resource.jdbc.internal.LogicalConnectionManagedImpl -- Initiating JDBC connection release from afterTransaction
]]></system-out>
  </testcase>
  <testcase name="dropUsersTable" classname="UserServiceTest" time="0.045">
    <system-out><![CDATA[03:06:19.681 [main] DEBUG org.hibernate.engine.transaction.internal.TransactionImpl -- On TransactionImpl creation, JpaCompliance#isJpaTransactionComplianceEnabled == false
03:06:19.681 [main] DEBUG org.hibernate.engine.transaction.internal.TransactionImpl -- begin
03:06:19.681 [main] DEBUG org.hibernate.SQL -- DROP TABLE IF EXISTS user
Hibernate: DROP TABLE IF EXISTS user
03:06:19.716 [main] DEBUG org.hibernate.engine.transaction.internal.TransactionImpl -- committing
03:06:19.717 [main] DEBUG org.hibernate.resource.jdbc.internal.LogicalConnectionManagedImpl -- Initiating JDBC connection release from afterTransaction
03:06:19.717 [main] DEBUG org.hibernate.resource.jdbc.internal.LogicalConnectionManagedImpl -- Initiating JDBC connection release from afterTransaction
03:06:19.717 [main] DEBUG org.hibernate.engine.transaction.internal.TransactionImpl -- On TransactionImpl creation, JpaCompliance#isJpaTransactionComplianceEnabled == false
03:06:19.717 [main] DEBUG org.hibernate.engine.transaction.internal.TransactionImpl -- begin
03:06:19.718 [main] DEBUG org.hibernate.SQL -- DROP TABLE IF EXISTS user
Hibernate: DROP TABLE IF EXISTS user
03:06:19.726 [main] DEBUG org.hibernate.engine.transaction.internal.TransactionImpl -- committing
03:06:19.727 [main] DEBUG org.hibernate.resource.jdbc.internal.LogicalConnectionManagedImpl -- Initiating JDBC connection release from afterTransaction
03:06:19.727 [main] DEBUG org.hibernate.resource.jdbc.internal.LogicalConnectionManagedImpl -- Initiating JDBC connection release from afterTransaction
]]></system-out>
  </testcase>
  <testcase name="createUsersTable" classname="UserServiceTest" time="0.055">
    <system-out><![CDATA[03:06:19.727 [main] DEBUG org.hibernate.engine.transaction.internal.TransactionImpl -- On TransactionImpl creation, JpaCompliance#isJpaTransactionComplianceEnabled == false
03:06:19.727 [main] DEBUG org.hibernate.engine.transaction.internal.TransactionImpl -- begin
03:06:19.728 [main] DEBUG org.hibernate.SQL -- DROP TABLE IF EXISTS user
Hibernate: DROP TABLE IF EXISTS user
03:06:19.731 [main] DEBUG org.hibernate.engine.transaction.internal.TransactionImpl -- committing
03:06:19.732 [main] DEBUG org.hibernate.resource.jdbc.internal.LogicalConnectionManagedImpl -- Initiating JDBC connection release from afterTransaction
03:06:19.732 [main] DEBUG org.hibernate.resource.jdbc.internal.LogicalConnectionManagedImpl -- Initiating JDBC connection release from afterTransaction
03:06:19.732 [main] DEBUG org.hibernate.engine.transaction.internal.TransactionImpl -- On TransactionImpl creation, JpaCompliance#isJpaTransactionComplianceEnabled == false
03:06:19.732 [main] DEBUG org.hibernate.engine.transaction.internal.TransactionImpl -- begin
03:06:19.732 [main] DEBUG org.hibernate.SQL -- CREATE TABLE IF NOT EXISTS user (
id INT AUTO_INCREMENT PRIMARY KEY,
name VARCHAR(45) NOT NULL,
lastname VARCHAR(45) NOT NULL,
age INT)

Hibernate: CREATE TABLE IF NOT EXISTS user (
id INT AUTO_INCREMENT PRIMARY KEY,
name VARCHAR(45) NOT NULL,
lastname VARCHAR(45) NOT NULL,
age INT)

03:06:19.784 [main] DEBUG org.hibernate.engine.transaction.internal.TransactionImpl -- committing
03:06:19.784 [main] DEBUG org.hibernate.resource.jdbc.internal.LogicalConnectionManagedImpl -- Initiating JDBC connection release from afterTransaction
03:06:19.785 [main] DEBUG org.hibernate.resource.jdbc.internal.LogicalConnectionManagedImpl -- Initiating JDBC connection release from afterTransaction
]]></system-out>
  </testcase>
  <testcase name="cleanUsersTable" classname="UserServiceTest" time="0.264">
    <system-out><![CDATA[03:06:19.785 [main] DEBUG org.hibernate.engine.transaction.internal.TransactionImpl -- On TransactionImpl creation, JpaCompliance#isJpaTransactionComplianceEnabled == false
03:06:19.785 [main] DEBUG org.hibernate.engine.transaction.internal.TransactionImpl -- begin
03:06:19.785 [main] DEBUG org.hibernate.SQL -- DROP TABLE IF EXISTS user
Hibernate: DROP TABLE IF EXISTS user
03:06:19.823 [main] DEBUG org.hibernate.engine.transaction.internal.TransactionImpl -- committing
03:06:19.823 [main] DEBUG org.hibernate.resource.jdbc.internal.LogicalConnectionManagedImpl -- Initiating JDBC connection release from afterTransaction
03:06:19.824 [main] DEBUG org.hibernate.resource.jdbc.internal.LogicalConnectionManagedImpl -- Initiating JDBC connection release from afterTransaction
03:06:19.824 [main] DEBUG org.hibernate.engine.transaction.internal.TransactionImpl -- On TransactionImpl creation, JpaCompliance#isJpaTransactionComplianceEnabled == false
03:06:19.824 [main] DEBUG org.hibernate.engine.transaction.internal.TransactionImpl -- begin
03:06:19.824 [main] DEBUG org.hibernate.SQL -- CREATE TABLE IF NOT EXISTS user (
id INT AUTO_INCREMENT PRIMARY KEY,
name VARCHAR(45) NOT NULL,
lastname VARCHAR(45) NOT NULL,
age INT)

Hibernate: CREATE TABLE IF NOT EXISTS user (
id INT AUTO_INCREMENT PRIMARY KEY,
name VARCHAR(45) NOT NULL,
lastname VARCHAR(45) NOT NULL,
age INT)

03:06:19.884 [main] DEBUG org.hibernate.engine.transaction.internal.TransactionImpl -- committing
03:06:19.884 [main] DEBUG org.hibernate.resource.jdbc.internal.LogicalConnectionManagedImpl -- Initiating JDBC connection release from afterTransaction
03:06:19.885 [main] DEBUG org.hibernate.resource.jdbc.internal.LogicalConnectionManagedImpl -- Initiating JDBC connection release from afterTransaction
03:06:19.885 [main] DEBUG org.hibernate.engine.transaction.internal.TransactionImpl -- On TransactionImpl creation, JpaCompliance#isJpaTransactionComplianceEnabled == false
03:06:19.885 [main] DEBUG org.hibernate.engine.transaction.internal.TransactionImpl -- begin
03:06:19.885 [main] DEBUG org.hibernate.engine.spi.ActionQueue -- Executing identity-insert immediately
03:06:19.885 [main] DEBUG org.hibernate.SQL -- insert into user (age, lastName, name) values (?, ?, ?)
Hibernate: insert into user (age, lastName, name) values (?, ?, ?)
03:06:19.887 [main] DEBUG org.hibernate.id.IdentifierGeneratorHelper -- Natively generated identity: 1
03:06:19.887 [main] DEBUG org.hibernate.resource.jdbc.internal.ResourceRegistryStandardImpl -- HHH000387: ResultSet's statement was not registered
03:06:19.887 [main] DEBUG org.hibernate.engine.transaction.internal.TransactionImpl -- committing
03:06:19.887 [main] DEBUG org.hibernate.event.internal.AbstractFlushingEventListener -- Processing flush-time cascades
03:06:19.887 [main] DEBUG org.hibernate.event.internal.AbstractFlushingEventListener -- Dirty checking collections
03:06:19.887 [main] DEBUG org.hibernate.event.internal.AbstractFlushingEventListener -- Flushed: 0 insertions, 0 updates, 0 deletions to 1 objects
03:06:19.887 [main] DEBUG org.hibernate.event.internal.AbstractFlushingEventListener -- Flushed: 0 (re)creations, 0 updates, 0 removals to 0 collections
03:06:19.887 [main] DEBUG org.hibernate.internal.util.EntityPrinter -- Listing entities:
03:06:19.887 [main] DEBUG org.hibernate.internal.util.EntityPrinter -- jm.task.core.jdbc.model.User{lastName=Ivanov, name=Ivan, id=1, age=5}
03:06:19.897 [main] DEBUG org.hibernate.resource.jdbc.internal.LogicalConnectionManagedImpl -- Initiating JDBC connection release from afterTransaction
03:06:19.897 [main] DEBUG org.hibernate.resource.jdbc.internal.LogicalConnectionManagedImpl -- Initiating JDBC connection release from afterTransaction
03:06:19.897 [main] DEBUG org.hibernate.engine.transaction.internal.TransactionImpl -- On TransactionImpl creation, JpaCompliance#isJpaTransactionComplianceEnabled == false
03:06:19.897 [main] DEBUG org.hibernate.engine.transaction.internal.TransactionImpl -- begin
03:06:19.898 [main] DEBUG org.hibernate.SQL -- TRUNCATE TABLE user
Hibernate: TRUNCATE TABLE user
03:06:19.983 [main] DEBUG org.hibernate.engine.transaction.internal.TransactionImpl -- committing
03:06:19.983 [main] DEBUG org.hibernate.resource.jdbc.internal.LogicalConnectionManagedImpl -- Initiating JDBC connection release from afterTransaction
03:06:19.983 [main] DEBUG org.hibernate.resource.jdbc.internal.LogicalConnectionManagedImpl -- Initiating JDBC connection release from afterTransaction
03:06:19.983 [main] DEBUG org.hibernate.internal.SessionFactoryImpl -- HHH000031: Closing
03:06:19.984 [main] DEBUG org.hibernate.type.spi.TypeConfiguration$Scope -- Un-scoping TypeConfiguration [org.hibernate.type.spi.TypeConfiguration$Scope@4eb166a1] from SessionFactory [org.hibernate.internal.SessionFactoryImpl@4525d1d3]
03:06:19.984 [main] DEBUG org.hibernate.service.internal.AbstractServiceRegistryImpl -- Implicitly destroying ServiceRegistry on de-registration of all child ServiceRegistries
03:06:19.984 [main] INFO org.hibernate.orm.connections.pooling -- HHH10001008: Cleaning up connection pool [jdbc:mysql://localhost:3306/testforkata?useSSL=false]
03:06:19.988 [main] DEBUG org.hibernate.boot.registry.internal.BootstrapServiceRegistryImpl -- Implicitly destroying Boot-strap registry on de-registration of all child ServiceRegistries
03:06:19.988 [main] DEBUG org.hibernate.integrator.internal.IntegratorServiceImpl -- Adding Integrator [org.hibernate.cfg.beanvalidation.BeanValidationIntegrator].
03:06:19.988 [main] DEBUG org.hibernate.integrator.internal.IntegratorServiceImpl -- Adding Integrator [org.hibernate.secure.spi.JaccIntegrator].
03:06:19.988 [main] DEBUG org.hibernate.integrator.internal.IntegratorServiceImpl -- Adding Integrator [org.hibernate.cache.internal.CollectionCacheInvalidator].
03:06:19.990 [main] DEBUG org.hibernate.integrator.internal.IntegratorServiceImpl -- Adding Integrator [org.hibernate.cfg.beanvalidation.BeanValidationIntegrator].
03:06:19.990 [main] DEBUG org.hibernate.integrator.internal.IntegratorServiceImpl -- Adding Integrator [org.hibernate.secure.spi.JaccIntegrator].
03:06:19.990 [main] DEBUG org.hibernate.integrator.internal.IntegratorServiceImpl -- Adding Integrator [org.hibernate.cache.internal.CollectionCacheInvalidator].
03:06:19.992 [main] DEBUG org.hibernate.service.spi.ServiceBinding -- Overriding existing service binding [org.hibernate.secure.spi.JaccService]
03:06:19.992 [main] DEBUG org.hibernate.cfg.Configuration -- Building session factory using provided StandardServiceRegistry
03:06:19.992 [main] DEBUG org.hibernate.cache.internal.RegionFactoryInitiator -- Cannot default RegionFactory based on registered strategies as `[]` RegionFactory strategies were registered
03:06:19.992 [main] DEBUG org.hibernate.cache.internal.RegionFactoryInitiator -- Cache region factory : org.hibernate.cache.internal.NoCachingRegionFactory
03:06:19.992 [main] DEBUG org.hibernate.type.BasicTypeRegistry -- Adding type registration boolean -> org.hibernate.type.BooleanType@3e6f3f28
03:06:19.992 [main] DEBUG org.hibernate.type.BasicTypeRegistry -- Adding type registration boolean -> org.hibernate.type.BooleanType@3e6f3f28
03:06:19.992 [main] DEBUG org.hibernate.type.BasicTypeRegistry -- Adding type registration java.lang.Boolean -> org.hibernate.type.BooleanType@3e6f3f28
03:06:19.992 [main] DEBUG org.hibernate.type.BasicTypeRegistry -- Adding type registration numeric_boolean -> org.hibernate.type.NumericBooleanType@68f4865
03:06:19.992 [main] DEBUG org.hibernate.type.BasicTypeRegistry -- Adding type registration true_false -> org.hibernate.type.TrueFalseType@3c01cfa1
03:06:19.992 [main] DEBUG org.hibernate.type.BasicTypeRegistry -- Adding type registration yes_no -> org.hibernate.type.YesNoType@b978d10
03:06:19.992 [main] DEBUG org.hibernate.type.BasicTypeRegistry -- Adding type registration byte -> org.hibernate.type.ByteType@1672fe87
[...]
03:06:20.008 [main] DEBUG org.hibernate.cfg.Settings -- Named query checking : enabled
03:06:20.008 [main] DEBUG org.hibernate.cfg.Settings -- Second-level cache: disabled
03:06:20.008 [main] DEBUG org.hibernate.cfg.Settings -- Second-level query cache: disabled
03:06:20.008 [main] DEBUG org.hibernate.cfg.Settings -- Second-level query cache factory: null
03:06:20.008 [main] DEBUG org.hibernate.cfg.Settings -- Second-level cache region prefix: null
03:06:20.008 [main] DEBUG org.hibernate.cfg.Settings -- Optimize second-level cache for minimal puts: disabled
03:06:20.008 [main] DEBUG org.hibernate.cfg.Settings -- Structured second-level cache entries: disabled
03:06:20.009 [main] DEBUG org.hibernate.cfg.Settings -- Second-level cache direct-reference entries: disabled
03:06:20.009 [main] DEBUG org.hibernate.cfg.Settings -- Automatic eviction of collection cache: disabled
03:06:20.009 [main] DEBUG org.hibernate.cfg.Settings -- JDBC batch size: 15
03:06:20.009 [main] DEBUG org.hibernate.cfg.Settings -- JDBC batch updates for versioned data: enabled
03:06:20.009 [main] DEBUG org.hibernate.cfg.Settings -- Scrollable result sets: enabled
03:06:20.009 [main] DEBUG org.hibernate.cfg.Settings -- Wrap result sets: disabled
03:06:20.009 [main] DEBUG org.hibernate.cfg.Settings -- JDBC3 getGeneratedKeys(): enabled
03:06:20.009 [main] DEBUG org.hibernate.cfg.Settings -- JDBC result set fetch size: null
03:06:20.009 [main] DEBUG org.hibernate.cfg.Settings -- Connection release mode: AFTER_TRANSACTION
03:06:20.009 [main] DEBUG org.hibernate.cfg.Settings -- Generate SQL with comments: disabled
03:06:20.009 [main] DEBUG org.hibernate.cfg.Settings -- JPA compliance - query : disabled
03:06:20.009 [main] DEBUG org.hibernate.cfg.Settings -- JPA compliance - closed-handling : disabled
03:06:20.009 [main] DEBUG org.hibernate.cfg.Settings -- JPA compliance - lists : disabled
03:06:20.009 [main] DEBUG org.hibernate.cfg.Settings -- JPA compliance - transactions : disabled
03:06:20.010 [main] DEBUG org.hibernate.service.internal.SessionFactoryServiceRegistryImpl -- EventListenerRegistry access via ServiceRegistry is deprecated.  Use `sessionFactory.getEventEngine().getListenerRegistry()` instead
03:06:20.010 [main] DEBUG org.hibernate.service.internal.SessionFactoryServiceRegistryImpl -- EventListenerRegistry access via ServiceRegistry is deprecated.  Use `sessionFactory.getEventEngine().getListenerRegistry()` instead
03:06:20.011 [main] DEBUG org.hibernate.internal.SessionFactoryImpl -- Session factory constructed with filter configurations : {}
03:06:20.011 [main] DEBUG org.hibernate.internal.SessionFactoryImpl -- Instantiating session factory with properties: {java.specification.version=17, sun.cpu.isalist=amd64, sun.jnu.encoding=Cp1251, hibernate.dialect=org.hibernate.dialect.MySQL5Dialect, java.class.path=C:\Users\Роман\IdeaProjects\PP\target\test-classes;C:\Users\Роман\IdeaProjects\PP\target\classes;C:\Users\Роман\.m2\repository\junit\junit\4.13.2\junit-4.13.2.jar;C:\Users\Роман\.m2\repository\org\hamcrest\hamcrest-core\1.3\hamcrest-core-1.3.jar;C:\Users\Роман\.m2\repository\mysql\mysql-connector-java\8.0.25\mysql-connector-java-8.0.25.jar;C:\Users\Роман\.m2\repository\com\google\protobuf\protobuf-java\3.11.4\protobuf-java-3.11.4.jar;C:\Users\Роман\.m2\repository\org\hibernate\javax\persistence\hibernate-jpa-2.1-api\1.0.2.Final\hibernate-jpa-2.1-api-1.0.2.Final.jar;C:\Users\Роман\.m2\repository\org\hibernate\hibernate-core\5.6.3.Final\hibernate-core-5.6.3.Final.jar;C:\Users\Роман\.m2\repository\org\jboss\logging\jboss-logging\3.4.2.Final\jboss-logging-3.4.2.Final.jar;C:\Users\Роман\.m2\repository\javax\persistence\javax.persistence-api\2.2\javax.persistence-api-2.2.jar;C:\Users\Роман\.m2\repository\net\bytebuddy\byte-buddy\1.11.20\byte-buddy-1.11.20.jar;C:\Users\Роман\.m2\repository\antlr\antlr\2.7.7\antlr-2.7.7.jar;C:\Users\Роман\.m2\repository\org\jboss\spec\javax\transaction\jboss-transaction-api_1.2_spec\1.1.1.Final\jboss-transaction-api_1.2_spec-1.1.1.Final.jar;C:\Users\Роман\.m2\repository\org\jboss\jandex\2.2.3.Final\jandex-2.2.3.Final.jar;C:\Users\Роман\.m2\repository\com\fasterxml\classmate\1.5.1\classmate-1.5.1.jar;C:\Users\Роман\.m2\repository\javax\activation\javax.activation-api\1.2.0\javax.activation-api-1.2.0.jar;C:\Users\Роман\.m2\repository\org\hibernate\common\hibernate-commons-annotations\5.1.2.Final\hibernate-commons-annotations-5.1.2.Final.jar;C:\Users\Роман\.m2\repository\javax\xml\bind\jaxb-api\2.3.1\jaxb-api-2.3.1.jar;C:\Users\Роман\.m2\repository\org\glassfish\jaxb\jaxb-runtime\2.3.1\jaxb-runtime-2.3.1.jar;C:\Users\Роман\.m2\repository\org\glassfish\jaxb\txw2\2.3.1\txw2-2.3.1.jar;C:\Users\Роман\.m2\repository\com\sun\istack\istack-commons-runtime\3.0.7\istack-commons-runtime-3.0.7.jar;C:\Users\Роман\.m2\repository\org\jvnet\staxex\stax-ex\1.8\stax-ex-1.8.jar;C:\Users\Роман\.m2\repository\com\sun\xml\fastinfoset\FastInfoset\1.2.15\FastInfoset-1.2.15.jar;C:\Users\Роман\.m2\repository\ch\qos\logback\logback-classic\1.5.12\logback-classic-1.5.12.jar;C:\Users\Роман\.m2\repository\ch\qos\logback\logback-core\1.5.12\logback-core-1.5.12.jar;C:\Users\Роман\.m2\repository\org\slf4j\slf4j-api\2.0.16\slf4j-api-2.0.16.jar;C:\Users\Роман\.m2\repository\org\projectlombok\lombok\1.18.36\lombok-1.18.36.jar;, java.vm.vendor=Oracle Corporation, sun.arch.data.model=64, user.variant=, java.vendor.url=https://java.oracle.com/, user.timezone=Europe/Moscow, java.vm.specification.version=17, os.name=Windows 10, sun.java.launcher=SUN_STANDARD, user.country=RU, sun.boot.library.path=C:\Program Files\Java\jdk-17\bin, sun.java.command=C:\Users\Роман\AppData\Local\Temp\surefire17206806806175379800\surefirebooter-20241222030616566_3.jar C:\Users\Роман\AppData\Local\Temp\surefire17206806806175379800 2024-12-22T03-06-16_435-jvmRun1 surefire-20241222030616566_1tmp surefire_0-20241222030616566_2tmp, jdk.debug=release, surefire.test.class.path=C:\Users\Роман\IdeaProjects\PP\target\test-classes;C:\Users\Роман\IdeaProjects\PP\target\classes;C:\Users\Роман\.m2\repository\junit\junit\4.13.2\junit-4.13.2.jar;C:\Users\Роман\.m2\repository\org\hamcrest\hamcrest-core\1.3\hamcrest-core-1.3.jar;C:\Users\Роман\.m2\repository\mysql\mysql-connector-java\8.0.25\mysql-connector-java-8.0.25.jar;C:\Users\Роман\.m2\repository\com\google\protobuf\protobuf-java\3.11.4\protobuf-java-3.11.4.jar;C:\Users\Роман\.m2\repository\org\hibernate\javax\persistence\hibernate-jpa-2.1-api\1.0.2.Final\hibernate-jpa-2.1-api-1.0.2.Final.jar;C:\Users\Роман\.m2\repository\org\hibernate\hibernate-core\5.6.3.Final\hibernate-core-5.6.3.Final.jar;C:\Users\Роман\.m2\repository\org\jboss\logging\jboss-logging\3.4.2.Final\jboss-logging-3.4.2.Final.jar;C:\Users\Роман\.m2\repository\javax\persistence\javax.persistence-api\2.2\javax.persistence-api-2.2.jar;C:\Users\Роман\.m2\repository\net\bytebuddy\byte-buddy\1.11.20\byte-buddy-1.11.20.jar;C:\Users\Роман\.m2\repository\antlr\antlr\2.7.7\antlr-2.7.7.jar;C:\Users\Роман\.m2\repository\org\jboss\spec\javax\transaction\jboss-transaction-api_1.2_spec\1.1.1.Final\jboss-transaction-api_1.2_spec-1.1.1.Final.jar;C:\Users\Роман\.m2\repository\org\jboss\jandex\2.2.3.Final\jandex-2.2.3.Final.jar;C:\Users\Роман\.m2\repository\com\fasterxml\classmate\1.5.1\classmate-1.5.1.jar;C:\Users\Роман\.m2\repository\javax\activation\javax.activation-api\1.2.0\javax.activation-api-1.2.0.jar;C:\Users\Роман\.m2\repository\org\hibernate\common\hibernate-commons-annotations\5.1.2.Final\hibernate-commons-annotations-5.1.2.Final.jar;C:\Users\Роман\.m2\repository\javax\xml\bind\jaxb-api\2.3.1\jaxb-api-2.3.1.jar;C:\Users\Роман\.m2\repository\org\glassfish\jaxb\jaxb-runtime\2.3.1\jaxb-runtime-2.3.1.jar;C:\Users\Роман\.m2\repository\org\glassfish\jaxb\txw2\2.3.1\txw2-2.3.1.jar;C:\Users\Роман\.m2\repository\com\sun\istack\istack-commons-runtime\3.0.7\istack-commons-runtime-3.0.7.jar;C:\Users\Роман\.m2\repository\org\jvnet\staxex\stax-ex\1.8\stax-ex-1.8.jar;C:\Users\Роман\.m2\repository\com\sun\xml\fastinfoset\FastInfoset\1.2.15\FastInfoset-1.2.15.jar;C:\Users\Роман\.m2\repository\ch\qos\logback\logback-classic\1.5.12\logback-classic-1.5.12.jar;C:\Users\Роман\.m2\repository\ch\qos\logback\logback-core\1.5.12\logback-core-1.5.12.jar;C:\Users\Роман\.m2\repository\org\slf4j\slf4j-api\2.0.16\slf4j-api-2.0.16.jar;C:\Users\Роман\.m2\repository\org\projectlombok\lombok\1.18.36\lombok-1.18.36.jar;, sun.cpu.endian=little, user.home=C:\Users\Роман, user.language=ru, java.specification.vendor=Oracle Corporation, java.version.date=2024-07-16, java.home=C:\Program Files\Java\jdk-17, file.separator=\, basedir=C:\Users\Роман\IdeaProjects\PP, java.vm.compressedOopsMode=Zero based, line.separator=
, java.vm.specification.vendor=Oracle Corporation, java.specification.name=Java Platform API Specification, surefire.real.class.path=C:\Users\Роман\AppData\Local\Temp\surefire17206806806175379800\surefirebooter-20241222030616566_3.jar, hibernate.hbm2ddl.auto=, user.script=, sun.management.compiler=HotSpot 64-Bit Tiered Compilers, java.runtime.version=17.0.12+8-LTS-286, user.name=Роман, path.separator=;, hibernate.connection.username=****, os.version=10.0, java.runtime.name=Java(TM) SE Runtime Environment, hibernate.connection.url=jdbc:mysql://localhost:3306/testforkata?useSSL=false, file.encoding=Cp1251, java.vm.name=Java HotSpot(TM) 64-Bit Server VM, hibernate.show_sql=true, hibernate.current_session_context_class=thread, localRepository=C:\Users\Роман\.m2\repository, hibernate.connection.driver_class=com.mysql.cj.jdbc.Driver, java.vendor.url.bug=https://bugreport.java.com/bugreport/, java.io.tmpdir=C:\Users\4CFA~1\AppData\Local\Temp\, java.version=17.0.12, user.dir=C:\Users\Роман\IdeaProjects\PP, os.arch=amd64, java.vm.specification.name=Java Virtual Machine Specification, hibernate.connection.password=****, sun.os.patch.level=, hibernate.boot.CfgXmlAccessService.key=org.hibernate.boot.cfgxml.spi.LoadedConfig@19a31b9d, native.encoding=Cp1251, java.library.path=C:\Program Files\Java\jdk-17\bin;C:\Windows\Sun\Java\bin;C:\Windows\system32;C:\Windows;C:\Program Files\Git\mingw64\bin;C:\Program Files\Git\usr\bin;C:\Users\Роман\bin;C:\Program Files (x86)\Common Files\Intel\Shared Libraries\redist\intel64\compiler;C:\Windows\system32;C:\Windows;C:\Windows\System32\Wbem;C:\Windows\System32\WindowsPowerShell\v1.0;C:\Windows\System32\OpenSSH;C:\Program Files\NVIDIA Corporation\NVIDIA NvDLISR;C:\Program Files (x86)\NVIDIA Corporation\PhysX\Common;C:\Program Files\dotnet;C:\Program Files\Java\jdk-17.0.5\bin;C:\Program Files\apache-maven-3.9.9\bin;C:\Program Files\Docker\Docker\resources\bin;C:\Program Files\Git\cmd;C:\Program Files\TortoiseGit\bin;C:\Program Files\MySQL\MySQL Shell 8.0\bin;C:\Users\Роман\AppData\Local\Microsoft\WindowsApps;C:\Users\Роман\AppData\Local\JetBrains\Toolbox\scripts;C:\Program Files\Java\jdk-17\bin;., java.vendor=Oracle Corporation, java.vm.info=mixed mode, sharing, java.vm.version=17.0.12+8-LTS-286, hibernate.bytecode.use_reflection_optimizer=false, sun.io.unicode.encoding=UnicodeLittle, java.class.version=61.0}
03:06:20.012 [main] DEBUG org.hibernate.secure.spi.JaccIntegrator -- Skipping JACC integration as it was not enabled
03:06:20.012 [main] DEBUG org.hibernate.internal.SessionFactoryImpl -- Instantiated session factory
03:06:20.012 [main] DEBUG org.hibernate.type.spi.TypeConfiguration$Scope -- Scoping TypeConfiguration [org.hibernate.type.spi.TypeConfiguration@2aa7399c] to SessionFactoryImpl [org.hibernate.internal.SessionFactoryImpl@a5bbaec]
03:06:20.012 [main] DEBUG org.hibernate.boot.internal.ClassLoaderAccessImpl -- Not known whether passed class name [jm.task.core.jdbc.model.User] is safe
03:06:20.012 [main] DEBUG org.hibernate.boot.internal.ClassLoaderAccessImpl -- No temp ClassLoader provided; using live ClassLoader for loading potentially unsafe class : jm.task.core.jdbc.model.User
03:06:20.022 [main] DEBUG org.hibernate.persister.entity.AbstractEntityPersister -- Static SQL for entity: jm.task.core.jdbc.model.User
03:06:20.022 [main] DEBUG org.hibernate.persister.entity.AbstractEntityPersister --  Version select: select id from user where id =?
03:06:20.022 [main] DEBUG org.hibernate.persister.entity.AbstractEntityPersister --  Snapshot select: select user_.id, user_.age as age2_0_, user_.lastName as lastname3_0_, user_.name as name4_0_ from user user_ where user_.id=?
03:06:20.022 [main] DEBUG org.hibernate.persister.entity.AbstractEntityPersister --  Insert 0: insert into user (age, lastName, name, id) values (?, ?, ?, ?)
03:06:20.022 [main] DEBUG org.hibernate.persister.entity.AbstractEntityPersister --  Update 0: update user set age=?, lastName=?, name=? where id=?
03:06:20.022 [main] DEBUG org.hibernate.persister.entity.AbstractEntityPersister --  Delete 0: delete from user where id=?
03:06:20.022 [main] DEBUG org.hibernate.persister.entity.AbstractEntityPersister --  Identity insert: insert into user (age, lastName, name) values (?, ?, ?)
03:06:20.022 [main] DEBUG org.hibernate.loader.plan.build.internal.spaces.QuerySpacesImpl -- Adding QuerySpace : uid = <gen:0> -> org.hibernate.loader.plan.build.internal.spaces.EntityQuerySpaceImpl@1b6924cb]
03:06:20.022 [main] DEBUG org.hibernate.persister.walking.spi.MetamodelGraphWalker -- Visiting attribute path : age
03:06:20.022 [main] DEBUG org.hibernate.persister.walking.spi.MetamodelGraphWalker -- Visiting attribute path : lastName
03:06:20.022 [main] DEBUG org.hibernate.persister.walking.spi.MetamodelGraphWalker -- Visiting attribute path : name
03:06:20.022 [main] DEBUG org.hibernate.loader.plan.build.internal.FetchStyleLoadPlanBuildingAssociationVisitationStrategy -- Building LoadPlan...
03:06:20.022 [main] DEBUG org.hibernate.loader.plan.exec.internal.LoadQueryJoinAndFetchProcessor -- processing queryspace <gen:0>
03:06:20.022 [main] DEBUG org.hibernate.loader.plan.build.spi.LoadPlanTreePrinter -- LoadPlan(entity=jm.task.core.jdbc.model.User)
    - Returns
       - EntityReturnImpl(entity=jm.task.core.jdbc.model.User, querySpaceUid=<gen:0>, path=jm.task.core.jdbc.model.User)
    - QuerySpaces
       - EntityQuerySpaceImpl(uid=<gen:0>, entity=jm.task.core.jdbc.model.User)
          - SQL table alias mapping - user0_
          - alias suffix - 0_
          - suffixed key columns - {id1_0_0_}

03:06:20.022 [main] DEBUG org.hibernate.loader.entity.plan.EntityLoader -- Static select for entity jm.task.core.jdbc.model.User [NONE]: select user0_.id as id1_0_0_, user0_.age as age2_0_0_, user0_.lastName as lastname3_0_0_, user0_.name as name4_0_0_ from user user0_ where user0_.id=?
03:06:20.023 [main] DEBUG org.hibernate.tool.schema.spi.SchemaManagementToolCoordinator -- No actions specified; doing nothing
03:06:20.023 [main] DEBUG org.hibernate.query.spi.NamedQueryRepository -- Checking 0 named HQL queries
03:06:20.023 [main] DEBUG org.hibernate.query.spi.NamedQueryRepository -- Checking 0 named SQL queries
03:06:20.023 [main] DEBUG org.hibernate.service.internal.SessionFactoryServiceRegistryImpl -- EventListenerRegistry access via ServiceRegistry is deprecated.  Use `sessionFactory.getEventEngine().getListenerRegistry()` instead
03:06:20.023 [main] DEBUG org.hibernate.internal.SessionFactoryRegistry -- Registering SessionFactory: 5b5a28cf-c9f5-4688-a1e5-740172a291b1 (<unnamed>)
03:06:20.023 [main] DEBUG org.hibernate.internal.SessionFactoryRegistry -- Not binding SessionFactory to JNDI, no JNDI name configured
03:06:20.023 [main] DEBUG org.hibernate.stat.internal.StatisticsInitiator -- Statistics initialized [enabled=false]
03:06:20.023 [main] DEBUG org.hibernate.hql.internal.QueryTranslatorFactoryInitiator -- QueryTranslatorFactory: org.hibernate.hql.internal.ast.ASTQueryTranslatorFactory@489091bd
03:06:20.023 [main] DEBUG org.hibernate.hql.internal.ast.QueryTranslatorImpl -- parse() - HQL: from jm.task.core.jdbc.model.User
03:06:20.024 [main] DEBUG org.hibernate.hql.internal.ast.ErrorTracker -- throwQueryException() : no errors
03:06:20.025 [main] DEBUG org.hibernate.hql.internal.ast.QueryTranslatorImpl -- --- HQL AST ---
 \-[QUERY] Node: 'query'
    \-[SELECT_FROM] Node: 'SELECT_FROM'
       \-[FROM] Node: 'from'
          \-[RANGE] Node: 'RANGE'
             \-[DOT] Node: '.'
                +-[DOT] Node: '.'
                |  +-[DOT] Node: '.'
                |  |  +-[DOT] Node: '.'
                |  |  |  +-[DOT] Node: '.'
                |  |  |  |  +-[IDENT] Node: 'jm'
                |  |  |  |  \-[IDENT] Node: 'task'
                |  |  |  \-[IDENT] Node: 'core'
                |  |  \-[IDENT] Node: 'jdbc'
                |  \-[IDENT] Node: 'model'
                \-[IDENT] Node: 'User'

03:06:20.025 [main] DEBUG org.hibernate.hql.internal.antlr.HqlSqlBaseWalker -- select << begin [level=1, statement=select]
03:06:20.025 [main] DEBUG org.hibernate.hql.internal.ast.tree.FromElement -- FromClause{level=1} : jm.task.core.jdbc.model.User (<no alias>) -> user0_
03:06:20.025 [main] DEBUG org.hibernate.hql.internal.antlr.HqlSqlBaseWalker -- select : finishing up [level=1, statement=select]
03:06:20.025 [main] DEBUG org.hibernate.hql.internal.ast.HqlSqlWalker -- processQuery() :  ( SELECT ( FromClause{level=1} user user0_ ) )
03:06:20.025 [main] DEBUG org.hibernate.hql.internal.ast.HqlSqlWalker -- Derived SELECT clause created.
03:06:20.026 [main] DEBUG org.hibernate.hql.internal.ast.util.JoinProcessor -- Tables referenced from query nodes:
 \-QueryNode
    +-SelectClause
    | referencedTables(entity User): [user]
    |  +-SelectExpressionImpl
    |  | persister: SingleTableEntityPersister(jm.task.core.jdbc.model.User)
    |  \-SqlFragment
    \-FromClause
       \-FromElement

03:06:20.026 [main] DEBUG org.hibernate.hql.internal.ast.util.JoinProcessor -- Using FROM fragment [user user0_]
03:06:20.026 [main] DEBUG org.hibernate.hql.internal.antlr.HqlSqlBaseWalker -- select >> end [level=1, statement=select]
03:06:20.026 [main] DEBUG org.hibernate.hql.internal.ast.QueryTranslatorImpl -- --- SQL AST ---
 \-[SELECT] QueryNode: 'SELECT'  querySpaces (user)
    +-[SELECT_CLAUSE] SelectClause: '{derived select clause}'
    |  +-[SELECT_EXPR] SelectExpressionImpl: 'user0_.id as id1_0_' {FromElement{explicit,not a collection join,not a fetch join,fetch non-lazy properties,classAlias=null,role=null,tableName=user,tableAlias=user0_,origin=null,columns={,className=jm.task.core.jdbc.model.User}}}
    |  \-[SQL_TOKEN] SqlFragment: 'user0_.age as age2_0_, user0_.lastName as lastname3_0_, user0_.name as name4_0_'
    \-[FROM] FromClause: 'from' FromClause{level=1, fromElementCounter=1, fromElements=1, fromElementByClassAlias=[], fromElementByTableAlias=[user0_], fromElementsByPath=[], collectionJoinFromElementsByPath=[], impliedElements=[]}
       \-[FROM_FRAGMENT] FromElement: 'user user0_' FromElement{explicit,not a collection join,not a fetch join,fetch non-lazy properties,classAlias=null,role=null,tableName=user,tableAlias=user0_,origin=null,columns={,className=jm.task.core.jdbc.model.User}}

03:06:20.026 [main] DEBUG org.hibernate.hql.internal.ast.ErrorTracker -- throwQueryException() : no errors
03:06:20.026 [main] DEBUG org.hibernate.hql.internal.ast.QueryTranslatorImpl -- HQL: from jm.task.core.jdbc.model.User
03:06:20.026 [main] DEBUG org.hibernate.hql.internal.ast.QueryTranslatorImpl -- SQL: select user0_.id as id1_0_, user0_.age as age2_0_, user0_.lastName as lastname3_0_, user0_.name as name4_0_ from user user0_
03:06:20.026 [main] DEBUG org.hibernate.hql.internal.ast.ErrorTracker -- throwQueryException() : no errors
03:06:20.026 [main] DEBUG org.hibernate.SQL -- select user0_.id as id1_0_, user0_.age as age2_0_, user0_.lastName as lastname3_0_, user0_.name as name4_0_ from user user0_
Hibernate: select user0_.id as id1_0_, user0_.age as age2_0_, user0_.lastName as lastname3_0_, user0_.name as name4_0_ from user user0_
03:06:20.028 [main] DEBUG org.hibernate.resource.jdbc.internal.LogicalConnectionManagedImpl -- Initiating JDBC connection release from afterTransaction
]]></system-out>
  </testcase>
</testsuite>